
  [30;43;1m WARN [39;49;22m Test results may not be as expected because the XML configuration file did not pass validation:

  Line 70:
  - Element 'coverage', attribute 'processUncoveredFiles': The attribute 'processUncoveredFiles' is not allowed.

  Line 71:
  - Element 'include': This element is not expected.


   WARN  No code coverage driver available
PHPUnit 11.5.15 by Sebastian Bergmann and contributors.

Runtime:       PHP 8.2.12
Configuration: C:\Users\alexi\Documents\Casden\ascbp-app\phpunit.xml
Random Seed:   1750424328


   PASS  Tests\Feature\Auth\EmailVerificationTest
  âœ“ email can be verified                                                                                                                                        0.41s  
  âœ“ email is not verified with invalid hash                                                                                                                      0.04s  
  âœ“ email verification screen can be rendered                                                                                                                    0.04s  

   PASS  Tests\Feature\UserDashboardTest
  âœ“ example                                                                                                                                                      0.02s  

   PASS  Tests\Feature\Auth\PasswordResetTest
  âœ“ reset password screen can be rendered                                                                                                                        0.07s  
  âœ“ reset password link screen can be rendered                                                                                                                   0.02s  
  âœ“ password can be reset with valid token                                                                                                                       0.11s  
  âœ“ reset password link can be requested                                                                                                                         0.05s  

   PASS  Tests\Feature\ExampleTest
  âœ“ it returns a successful response                                                                                                                             0.02s  

   FAIL  Tests\Feature\Articles\ArticleLifecycleTest
  â¨¯ Article Complete Lifecycle â†’ it handles article moderation workflow
  â¨¯ Article Complete Lifecycle â†’ it enforces permission restrictions correctly
  â¨¯ Article Complete Lifecycle â†’ it handles article viewing and statistics
  â¨¯ Article Complete Lifecycle â†’ it processes article interactions (likes and comments)
  â¨¯ Article Complete Lifecycle â†’ it handles article deletion with cleanup
  â¨¯ Article Complete Lifecycle â†’ it completes full article creation workflow with image

   PASS  Tests\Feature\ProfileDeleteTest
  âœ“ example                                                                                                                                                      0.02s  

   FAIL  Tests\Feature\ProfileTest
  âœ“ profile page is displayed                                                                                                                                    0.02s  
  â¨¯ user can delete their account                                                                                                                                1.71s  
  â¨¯ email verification status is unchanged when the email address is unchanged                                                                                   0.89s  
  â¨¯ correct password must be provided to delete account                                                                                                          0.89s  
  â¨¯ profile information can be updated                                                                                                                           0.88s  

   PASS  Tests\Feature\AdminDashboardTest
  âœ“ example                                                                                                                                                      0.02s  

   PASS  Tests\Feature\CertificateUploadTest
  âœ“ example                                                                                                                                                      0.03s  

   PASS  Tests\Feature\CertificateLinkTest
  âœ“ example                                                                                                                                                      0.02s  

   PASS  Tests\Feature\PhotoUploadTest
  âœ“ it rejects a second upload of the same profile picture                                                                                                       0.04s  
  âœ“ it rejects invalid profile picture (exe file)                                                                                                                0.03s  
  âœ“ it stores valid profile picture                                                                                                                              0.03s  

   FAIL  Tests\Feature\Events\EventRegistrationTest
  âœ“ Event Registration Integration â†’ it handles event unregistration correctly                                                                                   0.03s  
  âœ“ Event Registration Integration â†’ it requires authentication for registration                                                                                 0.02s  
  âœ“ Event Registration Integration â†’ it allows members-only registration for valid members                                                                       0.03s  
  â¨¯ Event Registration Integration â†’ it validates registration data correctly                                                                                    0.02s  
  âœ“ Event Registration Integration â†’ it prevents registration when event is full                                                                                 0.02s  
  â¨¯ Event Registration Integration â†’ it enforces members-only restriction                                                                                        0.03s  
  â¨¯ Event Registration Integration â†’ it allows valid user registration                                                                                           0.03s  
  âœ“ Event Registration Integration â†’ it prevents double registration                                                                                             0.02s  

   PASS  Tests\Feature\EventManagementTest
  âœ“ example                                                                                                                                                      0.02s  

   PASS  Tests\Feature\ProfileUpdateTest
  âœ“ example                                                                                                                                                      0.02s  

   PASS  Tests\Feature\Auth\AuthenticationTest
  âœ“ users can not authenticate with invalid password                                                                                                             0.23s  
  âœ“ users can authenticate using the login screen                                                                                                                0.05s  
  âœ“ users can logout                                                                                                                                             0.02s  
  âœ“ login screen can be rendered                                                                                                                                 0.02s  

   PASS  Tests\Feature\Auth\RegistrationTest
  âœ“ registration screen can be rendered                                                                                                                          0.02s  
  âœ“ new users can register                                                                                                                                       0.05s  

   PASS  Tests\Feature\Auth\PasswordUpdateTest
  âœ“ correct password must be provided to update password                                                                                                         0.05s  
  âœ“ password can be updated                                                                                                                                      0.10s  

   PASS  Tests\Feature\Auth\PasswordConfirmationTest
  âœ“ password can be confirmed                                                                                                                                    0.05s  
  âœ“ confirm password screen can be rendered                                                                                                                      0.03s  
  âœ“ password is not confirmed with invalid password                                                                                                              0.23s  

   PASS  Tests\Feature\AdminUserManagementTest
  âœ“ example                                                                                                                                                      0.02s  

   FAIL  Tests\Unit\Models\UserTest
  â¨¯ User Model â†’ it calculates membership status correctly for expired member
  â¨¯ User Model â†’ it calculates membership time left correctly
  â¨¯ User Model â†’ it checks admin permissions correctly
  â¨¯ User Model â†’ it calculates membership status correctly for former member
  â¨¯ User Model â†’ it handles user without membership correctly
  â¨¯ User Model â†’ it calculates membership status correctly for active member

   PASS  Tests\Unit\ExampleTest
  âœ“ that true is true

   FAIL  Tests\Unit\Models\EventTest
  â¨¯ Event Model â†’ it checks if user can register when everything is valid
  â¨¯ Event Model â†’ it prevents registration when event is full
  â¨¯ Event Model â†’ it validates max participants change restrictions
  â¨¯ Event Model â†’ it counts participants correctly
  â¨¯ Event Model â†’ it calculates numeric price correctly
  â¨¯ Event Model â†’ it checks if event is paid correctly
  â¨¯ Event Model â†’ it verifies user registration status
  â¨¯ Event Model â†’ it prevents registration for non-members on members-only events
  â¨¯ Event Model â†’ it prevents registration when registration is closed
  â”€â”€â”€â”€â”€â”€â”€â”€â”€â”€â”€â”€â”€â”€â”€â”€â”€â”€â”€â”€â”€â”€â”€â”€â”€â”€â”€â”€â”€â”€â”€â”€â”€â”€â”€â”€â”€â”€â”€â”€â”€â”€â”€â”€â”€â”€â”€â”€â”€â”€â”€â”€â”€â”€â”€â”€â”€â”€â”€â”€â”€â”€â”€â”€â”€â”€â”€â”€â”€â”€â”€â”€â”€â”€â”€â”€â”€â”€â”€â”€â”€â”€â”€â”€â”€â”€â”€â”€â”€â”€â”€â”€â”€â”€â”€â”€â”€â”€â”€â”€â”€â”€â”€â”€â”€â”€â”€â”€â”€â”€â”€â”€â”€â”€â”€â”€â”€â”€â”€â”€â”€â”€â”€â”€â”€â”€â”€â”€â”€â”€â”€â”€â”€â”€â”€â”€â”€â”€â”€â”€â”€â”€â”€â”€â”€â”€â”€â”€â”€â”€â”€â”€â”€â”€â”€â”€â”€â”€â”€â”€â”€â”€â”€â”€  
   FAILED  Tests\Feature\Articles\ArticleLifecycleTest > `Article Complete Lifecycle` â†’ it handles article moderation workflow                 BadMethodCallException   
  Call to undefined method App\Models\Role::factory()

  at vendor\laravel\framework\src\Illuminate\Support\Traits\ForwardsCalls.php:67
     63â–•      * @throws \BadMethodCallException
     64â–•      */
     65â–•     protected static function throwBadMethodCallException($method)
     66â–•     {
  âžœ  67â–•         throw new BadMethodCallException(sprintf(
     68â–•             'Call to undefined method %s::%s()', static::class, $method
     69â–•         ));
     70â–•     }
     71â–• }

  1   vendor\laravel\framework\src\Illuminate\Support\Traits\ForwardsCalls.php:67
  2   vendor\laravel\framework\src\Illuminate\Support\Traits\ForwardsCalls.php:36

  â”€â”€â”€â”€â”€â”€â”€â”€â”€â”€â”€â”€â”€â”€â”€â”€â”€â”€â”€â”€â”€â”€â”€â”€â”€â”€â”€â”€â”€â”€â”€â”€â”€â”€â”€â”€â”€â”€â”€â”€â”€â”€â”€â”€â”€â”€â”€â”€â”€â”€â”€â”€â”€â”€â”€â”€â”€â”€â”€â”€â”€â”€â”€â”€â”€â”€â”€â”€â”€â”€â”€â”€â”€â”€â”€â”€â”€â”€â”€â”€â”€â”€â”€â”€â”€â”€â”€â”€â”€â”€â”€â”€â”€â”€â”€â”€â”€â”€â”€â”€â”€â”€â”€â”€â”€â”€â”€â”€â”€â”€â”€â”€â”€â”€â”€â”€â”€â”€â”€â”€â”€â”€â”€â”€â”€â”€â”€â”€â”€â”€â”€â”€â”€â”€â”€â”€â”€â”€â”€â”€â”€â”€â”€â”€â”€â”€â”€â”€â”€â”€â”€â”€â”€â”€â”€â”€â”€â”€â”€â”€â”€â”€â”€â”€  
   FAILED  Tests\Feature\Articles\ArticleLifecycleTest > `Article Complete Lifecycle` â†’ it enforces permission restrictions correctly          BadMethodCallException   
  Call to undefined method App\Models\Role::factory()

  at vendor\laravel\framework\src\Illuminate\Support\Traits\ForwardsCalls.php:67
     63â–•      * @throws \BadMethodCallException
     64â–•      */
     65â–•     protected static function throwBadMethodCallException($method)
     66â–•     {
  âžœ  67â–•         throw new BadMethodCallException(sprintf(
     68â–•             'Call to undefined method %s::%s()', static::class, $method
     69â–•         ));
     70â–•     }
     71â–• }

  1   vendor\laravel\framework\src\Illuminate\Support\Traits\ForwardsCalls.php:67
  2   vendor\laravel\framework\src\Illuminate\Support\Traits\ForwardsCalls.php:36

  â”€â”€â”€â”€â”€â”€â”€â”€â”€â”€â”€â”€â”€â”€â”€â”€â”€â”€â”€â”€â”€â”€â”€â”€â”€â”€â”€â”€â”€â”€â”€â”€â”€â”€â”€â”€â”€â”€â”€â”€â”€â”€â”€â”€â”€â”€â”€â”€â”€â”€â”€â”€â”€â”€â”€â”€â”€â”€â”€â”€â”€â”€â”€â”€â”€â”€â”€â”€â”€â”€â”€â”€â”€â”€â”€â”€â”€â”€â”€â”€â”€â”€â”€â”€â”€â”€â”€â”€â”€â”€â”€â”€â”€â”€â”€â”€â”€â”€â”€â”€â”€â”€â”€â”€â”€â”€â”€â”€â”€â”€â”€â”€â”€â”€â”€â”€â”€â”€â”€â”€â”€â”€â”€â”€â”€â”€â”€â”€â”€â”€â”€â”€â”€â”€â”€â”€â”€â”€â”€â”€â”€â”€â”€â”€â”€â”€â”€â”€â”€â”€â”€â”€â”€â”€â”€â”€â”€â”€â”€â”€â”€â”€â”€â”€  
   FAILED  Tests\Feature\Articles\ArticleLifecycleTest > `Article Complete Lifecycle` â†’ it handles article viewing and statistics              BadMethodCallException   
  Call to undefined method App\Models\Role::factory()

  at vendor\laravel\framework\src\Illuminate\Support\Traits\ForwardsCalls.php:67
     63â–•      * @throws \BadMethodCallException
     64â–•      */
     65â–•     protected static function throwBadMethodCallException($method)
     66â–•     {
  âžœ  67â–•         throw new BadMethodCallException(sprintf(
     68â–•             'Call to undefined method %s::%s()', static::class, $method
     69â–•         ));
     70â–•     }
     71â–• }

  1   vendor\laravel\framework\src\Illuminate\Support\Traits\ForwardsCalls.php:67
  2   vendor\laravel\framework\src\Illuminate\Support\Traits\ForwardsCalls.php:36

  â”€â”€â”€â”€â”€â”€â”€â”€â”€â”€â”€â”€â”€â”€â”€â”€â”€â”€â”€â”€â”€â”€â”€â”€â”€â”€â”€â”€â”€â”€â”€â”€â”€â”€â”€â”€â”€â”€â”€â”€â”€â”€â”€â”€â”€â”€â”€â”€â”€â”€â”€â”€â”€â”€â”€â”€â”€â”€â”€â”€â”€â”€â”€â”€â”€â”€â”€â”€â”€â”€â”€â”€â”€â”€â”€â”€â”€â”€â”€â”€â”€â”€â”€â”€â”€â”€â”€â”€â”€â”€â”€â”€â”€â”€â”€â”€â”€â”€â”€â”€â”€â”€â”€â”€â”€â”€â”€â”€â”€â”€â”€â”€â”€â”€â”€â”€â”€â”€â”€â”€â”€â”€â”€â”€â”€â”€â”€â”€â”€â”€â”€â”€â”€â”€â”€â”€â”€â”€â”€â”€â”€â”€â”€â”€â”€â”€â”€â”€â”€â”€â”€â”€â”€â”€â”€â”€â”€â”€â”€â”€â”€â”€â”€â”€  
   FAILED  Tests\Feature\Articles\ArticleLifecycleTest > `Article Complete Lifecycle` â†’ it processes article interactions (likes and commentâ€¦  BadMethodCallException   
  Call to undefined method App\Models\Role::factory()

  at vendor\laravel\framework\src\Illuminate\Support\Traits\ForwardsCalls.php:67
     63â–•      * @throws \BadMethodCallException
     64â–•      */
     65â–•     protected static function throwBadMethodCallException($method)
     66â–•     {
  âžœ  67â–•         throw new BadMethodCallException(sprintf(
     68â–•             'Call to undefined method %s::%s()', static::class, $method
     69â–•         ));
     70â–•     }
     71â–• }

  1   vendor\laravel\framework\src\Illuminate\Support\Traits\ForwardsCalls.php:67
  2   vendor\laravel\framework\src\Illuminate\Support\Traits\ForwardsCalls.php:36

  â”€â”€â”€â”€â”€â”€â”€â”€â”€â”€â”€â”€â”€â”€â”€â”€â”€â”€â”€â”€â”€â”€â”€â”€â”€â”€â”€â”€â”€â”€â”€â”€â”€â”€â”€â”€â”€â”€â”€â”€â”€â”€â”€â”€â”€â”€â”€â”€â”€â”€â”€â”€â”€â”€â”€â”€â”€â”€â”€â”€â”€â”€â”€â”€â”€â”€â”€â”€â”€â”€â”€â”€â”€â”€â”€â”€â”€â”€â”€â”€â”€â”€â”€â”€â”€â”€â”€â”€â”€â”€â”€â”€â”€â”€â”€â”€â”€â”€â”€â”€â”€â”€â”€â”€â”€â”€â”€â”€â”€â”€â”€â”€â”€â”€â”€â”€â”€â”€â”€â”€â”€â”€â”€â”€â”€â”€â”€â”€â”€â”€â”€â”€â”€â”€â”€â”€â”€â”€â”€â”€â”€â”€â”€â”€â”€â”€â”€â”€â”€â”€â”€â”€â”€â”€â”€â”€â”€â”€â”€â”€â”€â”€â”€â”€  
   FAILED  Tests\Feature\Articles\ArticleLifecycleTest > `Article Complete Lifecycle` â†’ it handles article deletion with cleanup               BadMethodCallException   
  Call to undefined method App\Models\Role::factory()

  at vendor\laravel\framework\src\Illuminate\Support\Traits\ForwardsCalls.php:67
     63â–•      * @throws \BadMethodCallException
     64â–•      */
     65â–•     protected static function throwBadMethodCallException($method)
     66â–•     {
  âžœ  67â–•         throw new BadMethodCallException(sprintf(
     68â–•             'Call to undefined method %s::%s()', static::class, $method
     69â–•         ));
     70â–•     }
     71â–• }

  1   vendor\laravel\framework\src\Illuminate\Support\Traits\ForwardsCalls.php:67
  2   vendor\laravel\framework\src\Illuminate\Support\Traits\ForwardsCalls.php:36

  â”€â”€â”€â”€â”€â”€â”€â”€â”€â”€â”€â”€â”€â”€â”€â”€â”€â”€â”€â”€â”€â”€â”€â”€â”€â”€â”€â”€â”€â”€â”€â”€â”€â”€â”€â”€â”€â”€â”€â”€â”€â”€â”€â”€â”€â”€â”€â”€â”€â”€â”€â”€â”€â”€â”€â”€â”€â”€â”€â”€â”€â”€â”€â”€â”€â”€â”€â”€â”€â”€â”€â”€â”€â”€â”€â”€â”€â”€â”€â”€â”€â”€â”€â”€â”€â”€â”€â”€â”€â”€â”€â”€â”€â”€â”€â”€â”€â”€â”€â”€â”€â”€â”€â”€â”€â”€â”€â”€â”€â”€â”€â”€â”€â”€â”€â”€â”€â”€â”€â”€â”€â”€â”€â”€â”€â”€â”€â”€â”€â”€â”€â”€â”€â”€â”€â”€â”€â”€â”€â”€â”€â”€â”€â”€â”€â”€â”€â”€â”€â”€â”€â”€â”€â”€â”€â”€â”€â”€â”€â”€â”€â”€â”€â”€  
   FAILED  Tests\Feature\Articles\ArticleLifecycleTest > `Article Complete Lifecycle` â†’ it completes full article creation workflow with imaâ€¦  BadMethodCallException   
  Call to undefined method App\Models\Role::factory()

  at vendor\laravel\framework\src\Illuminate\Support\Traits\ForwardsCalls.php:67
     63â–•      * @throws \BadMethodCallException
     64â–•      */
     65â–•     protected static function throwBadMethodCallException($method)
     66â–•     {
  âžœ  67â–•         throw new BadMethodCallException(sprintf(
     68â–•             'Call to undefined method %s::%s()', static::class, $method
     69â–•         ));
     70â–•     }
     71â–• }

  1   vendor\laravel\framework\src\Illuminate\Support\Traits\ForwardsCalls.php:67
  2   vendor\laravel\framework\src\Illuminate\Support\Traits\ForwardsCalls.php:36

  â”€â”€â”€â”€â”€â”€â”€â”€â”€â”€â”€â”€â”€â”€â”€â”€â”€â”€â”€â”€â”€â”€â”€â”€â”€â”€â”€â”€â”€â”€â”€â”€â”€â”€â”€â”€â”€â”€â”€â”€â”€â”€â”€â”€â”€â”€â”€â”€â”€â”€â”€â”€â”€â”€â”€â”€â”€â”€â”€â”€â”€â”€â”€â”€â”€â”€â”€â”€â”€â”€â”€â”€â”€â”€â”€â”€â”€â”€â”€â”€â”€â”€â”€â”€â”€â”€â”€â”€â”€â”€â”€â”€â”€â”€â”€â”€â”€â”€â”€â”€â”€â”€â”€â”€â”€â”€â”€â”€â”€â”€â”€â”€â”€â”€â”€â”€â”€â”€â”€â”€â”€â”€â”€â”€â”€â”€â”€â”€â”€â”€â”€â”€â”€â”€â”€â”€â”€â”€â”€â”€â”€â”€â”€â”€â”€â”€â”€â”€â”€â”€â”€â”€â”€â”€â”€â”€â”€â”€â”€â”€â”€â”€â”€â”€  
   FAILED  Tests\Feature\ProfileTest > user can delete their account                                                                                                    
  Expected response status code [201, 301, 302, 303, 307, 308] but received 405.
Failed asserting that false is true.

  at tests\Feature\ProfileTest.php:67
     63â–•         ]);
     64â–• 
     65â–•     $response
     66â–•         ->assertSessionHasNoErrors()
  âžœ  67â–•         ->assertRedirect('/');
     68â–• 
     69â–•     $this->assertGuest();
     70â–•     $this->assertNull($user->fresh());
     71â–• });

  â”€â”€â”€â”€â”€â”€â”€â”€â”€â”€â”€â”€â”€â”€â”€â”€â”€â”€â”€â”€â”€â”€â”€â”€â”€â”€â”€â”€â”€â”€â”€â”€â”€â”€â”€â”€â”€â”€â”€â”€â”€â”€â”€â”€â”€â”€â”€â”€â”€â”€â”€â”€â”€â”€â”€â”€â”€â”€â”€â”€â”€â”€â”€â”€â”€â”€â”€â”€â”€â”€â”€â”€â”€â”€â”€â”€â”€â”€â”€â”€â”€â”€â”€â”€â”€â”€â”€â”€â”€â”€â”€â”€â”€â”€â”€â”€â”€â”€â”€â”€â”€â”€â”€â”€â”€â”€â”€â”€â”€â”€â”€â”€â”€â”€â”€â”€â”€â”€â”€â”€â”€â”€â”€â”€â”€â”€â”€â”€â”€â”€â”€â”€â”€â”€â”€â”€â”€â”€â”€â”€â”€â”€â”€â”€â”€â”€â”€â”€â”€â”€â”€â”€â”€â”€â”€â”€â”€â”€â”€â”€â”€â”€â”€â”€  
   FAILED  Tests\Feature\ProfileTest > email verification status is unchanged when the email address is unchanged                                                       
  Expected response status code [201, 301, 302, 303, 307, 308] but received 405.
Failed asserting that false is true.

  at tests\Feature\ProfileTest.php:51
     47â–•         ]);
     48â–• 
     49â–•     $response
     50â–•         ->assertSessionHasNoErrors()
  âžœ  51â–•         ->assertRedirect('/profile');
     52â–• 
     53â–•     $this->assertNotNull($user->refresh()->email_verified_at);
     54â–• });
     55â–•

  â”€â”€â”€â”€â”€â”€â”€â”€â”€â”€â”€â”€â”€â”€â”€â”€â”€â”€â”€â”€â”€â”€â”€â”€â”€â”€â”€â”€â”€â”€â”€â”€â”€â”€â”€â”€â”€â”€â”€â”€â”€â”€â”€â”€â”€â”€â”€â”€â”€â”€â”€â”€â”€â”€â”€â”€â”€â”€â”€â”€â”€â”€â”€â”€â”€â”€â”€â”€â”€â”€â”€â”€â”€â”€â”€â”€â”€â”€â”€â”€â”€â”€â”€â”€â”€â”€â”€â”€â”€â”€â”€â”€â”€â”€â”€â”€â”€â”€â”€â”€â”€â”€â”€â”€â”€â”€â”€â”€â”€â”€â”€â”€â”€â”€â”€â”€â”€â”€â”€â”€â”€â”€â”€â”€â”€â”€â”€â”€â”€â”€â”€â”€â”€â”€â”€â”€â”€â”€â”€â”€â”€â”€â”€â”€â”€â”€â”€â”€â”€â”€â”€â”€â”€â”€â”€â”€â”€â”€â”€â”€â”€â”€â”€â”€  
   FAILED  Tests\Feature\ProfileTest > correct password must be provided to delete account                                                                              
  Session is missing expected key [errors].
Failed asserting that false is true.

  at tests\Feature\ProfileTest.php:84
     80â–•             'password' => 'wrong-password',
     81â–•         ]);
     82â–• 
     83â–•     $response
  âžœ  84â–•         ->assertSessionHasErrors('password')
     85â–•         ->assertRedirect('/profile');
     86â–• 
     87â–•     $this->assertNotNull($user->fresh());
     88â–• });

  â”€â”€â”€â”€â”€â”€â”€â”€â”€â”€â”€â”€â”€â”€â”€â”€â”€â”€â”€â”€â”€â”€â”€â”€â”€â”€â”€â”€â”€â”€â”€â”€â”€â”€â”€â”€â”€â”€â”€â”€â”€â”€â”€â”€â”€â”€â”€â”€â”€â”€â”€â”€â”€â”€â”€â”€â”€â”€â”€â”€â”€â”€â”€â”€â”€â”€â”€â”€â”€â”€â”€â”€â”€â”€â”€â”€â”€â”€â”€â”€â”€â”€â”€â”€â”€â”€â”€â”€â”€â”€â”€â”€â”€â”€â”€â”€â”€â”€â”€â”€â”€â”€â”€â”€â”€â”€â”€â”€â”€â”€â”€â”€â”€â”€â”€â”€â”€â”€â”€â”€â”€â”€â”€â”€â”€â”€â”€â”€â”€â”€â”€â”€â”€â”€â”€â”€â”€â”€â”€â”€â”€â”€â”€â”€â”€â”€â”€â”€â”€â”€â”€â”€â”€â”€â”€â”€â”€â”€â”€â”€â”€â”€â”€â”€  
   FAILED  Tests\Feature\ProfileTest > profile information can be updated                                                                                               
  Expected response status code [201, 301, 302, 303, 307, 308] but received 405.
Failed asserting that false is true.

  at tests\Feature\ProfileTest.php:28
     24â–•         ]);
     25â–• 
     26â–•     $response
     27â–•         ->assertSessionHasNoErrors()
  âžœ  28â–•         ->assertRedirect('/profile');
     29â–• 
     30â–•     $user->refresh();
     31â–• 
     32â–•     $this->assertSame('Test', $user->firstname);

  â”€â”€â”€â”€â”€â”€â”€â”€â”€â”€â”€â”€â”€â”€â”€â”€â”€â”€â”€â”€â”€â”€â”€â”€â”€â”€â”€â”€â”€â”€â”€â”€â”€â”€â”€â”€â”€â”€â”€â”€â”€â”€â”€â”€â”€â”€â”€â”€â”€â”€â”€â”€â”€â”€â”€â”€â”€â”€â”€â”€â”€â”€â”€â”€â”€â”€â”€â”€â”€â”€â”€â”€â”€â”€â”€â”€â”€â”€â”€â”€â”€â”€â”€â”€â”€â”€â”€â”€â”€â”€â”€â”€â”€â”€â”€â”€â”€â”€â”€â”€â”€â”€â”€â”€â”€â”€â”€â”€â”€â”€â”€â”€â”€â”€â”€â”€â”€â”€â”€â”€â”€â”€â”€â”€â”€â”€â”€â”€â”€â”€â”€â”€â”€â”€â”€â”€â”€â”€â”€â”€â”€â”€â”€â”€â”€â”€â”€â”€â”€â”€â”€â”€â”€â”€â”€â”€â”€â”€â”€â”€â”€â”€â”€â”€  
   FAILED  Tests\Feature\Events\EventRegistrationTest > `Event Registration Integration` â†’ it validates registration data correctly                                     
  Session is missing expected key [errors].
Failed asserting that false is true.

  at tests\Feature\Events\EventRegistrationTest.php:148
    144â–•                 'phone' => '0123456789',
    145â–•                 'birth_date' => now()->addDay(), // Date future invalide
    146â–•             ]);
    147â–• 
  âžœ 148â–•         $response->assertSessionHasErrors(['firstname', 'email', 'birth_date']);
    149â–• 
    150â–•         $this->assertDatabaseMissing('registrations', [
    151â–•             'event_id' => $this->event->id,
    152â–•             'user_id' => $this->user->id,

  â”€â”€â”€â”€â”€â”€â”€â”€â”€â”€â”€â”€â”€â”€â”€â”€â”€â”€â”€â”€â”€â”€â”€â”€â”€â”€â”€â”€â”€â”€â”€â”€â”€â”€â”€â”€â”€â”€â”€â”€â”€â”€â”€â”€â”€â”€â”€â”€â”€â”€â”€â”€â”€â”€â”€â”€â”€â”€â”€â”€â”€â”€â”€â”€â”€â”€â”€â”€â”€â”€â”€â”€â”€â”€â”€â”€â”€â”€â”€â”€â”€â”€â”€â”€â”€â”€â”€â”€â”€â”€â”€â”€â”€â”€â”€â”€â”€â”€â”€â”€â”€â”€â”€â”€â”€â”€â”€â”€â”€â”€â”€â”€â”€â”€â”€â”€â”€â”€â”€â”€â”€â”€â”€â”€â”€â”€â”€â”€â”€â”€â”€â”€â”€â”€â”€â”€â”€â”€â”€â”€â”€â”€â”€â”€â”€â”€â”€â”€â”€â”€â”€â”€â”€â”€â”€â”€â”€â”€â”€â”€â”€â”€â”€â”€  
   FAILED  Tests\Feature\Events\EventRegistrationTest > `Event Registration Integration` â†’ it enforces members-only restriction                                         
  Failed asserting that two strings are equal.
--- Expected
+++ Actual
@@ @@
-'http://localhost/membership'
+'http://localhost/events/1'

  at tests\Feature\Events\EventRegistrationTest.php:76
     72â–• 
     73â–•         $response = $this->actingAs($this->user)
     74â–•             ->get(route('events.registration', $this->event));
     75â–• 
  âžœ  76â–•         $response->assertRedirect(route('membership.create'));
     77â–•         $response->assertSessionHas('error');
     78â–•     });
     79â–• 
     80â–•     it('allows members-only registration for valid members', function () {

  â”€â”€â”€â”€â”€â”€â”€â”€â”€â”€â”€â”€â”€â”€â”€â”€â”€â”€â”€â”€â”€â”€â”€â”€â”€â”€â”€â”€â”€â”€â”€â”€â”€â”€â”€â”€â”€â”€â”€â”€â”€â”€â”€â”€â”€â”€â”€â”€â”€â”€â”€â”€â”€â”€â”€â”€â”€â”€â”€â”€â”€â”€â”€â”€â”€â”€â”€â”€â”€â”€â”€â”€â”€â”€â”€â”€â”€â”€â”€â”€â”€â”€â”€â”€â”€â”€â”€â”€â”€â”€â”€â”€â”€â”€â”€â”€â”€â”€â”€â”€â”€â”€â”€â”€â”€â”€â”€â”€â”€â”€â”€â”€â”€â”€â”€â”€â”€â”€â”€â”€â”€â”€â”€â”€â”€â”€â”€â”€â”€â”€â”€â”€â”€â”€â”€â”€â”€â”€â”€â”€â”€â”€â”€â”€â”€â”€â”€â”€â”€â”€â”€â”€â”€â”€â”€â”€â”€â”€â”€â”€â”€â”€â”€â”€  
   FAILED  Tests\Feature\Events\EventRegistrationTest > `Event Registration Integration` â†’ it allows valid user registration                                            
  Failed asserting that two strings are equal.
--- Expected
+++ Actual
@@ @@
-'http://localhost/events/1'
+'http://localhost'

  at tests\Feature\Events\EventRegistrationTest.php:34
     30â–•                 'phone' => '0123456789',
     31â–•                 'birth_date' => '1990-01-01',
     32â–•             ]);
     33â–• 
  âžœ  34â–•         $response->assertRedirect(route('events.show', $this->event));
     35â–•         $response->assertSessionHas('success', 'Inscription rÃ©ussie !');
     36â–• 
     37â–•         $this->assertDatabaseHas('registrations', [
     38â–•             'event_id' => $this->event->id,

  â”€â”€â”€â”€â”€â”€â”€â”€â”€â”€â”€â”€â”€â”€â”€â”€â”€â”€â”€â”€â”€â”€â”€â”€â”€â”€â”€â”€â”€â”€â”€â”€â”€â”€â”€â”€â”€â”€â”€â”€â”€â”€â”€â”€â”€â”€â”€â”€â”€â”€â”€â”€â”€â”€â”€â”€â”€â”€â”€â”€â”€â”€â”€â”€â”€â”€â”€â”€â”€â”€â”€â”€â”€â”€â”€â”€â”€â”€â”€â”€â”€â”€â”€â”€â”€â”€â”€â”€â”€â”€â”€â”€â”€â”€â”€â”€â”€â”€â”€â”€â”€â”€â”€â”€â”€â”€â”€â”€â”€â”€â”€â”€â”€â”€â”€â”€â”€â”€â”€â”€â”€â”€â”€â”€â”€â”€â”€â”€â”€â”€â”€â”€â”€â”€â”€â”€â”€â”€â”€â”€â”€â”€â”€â”€â”€â”€â”€â”€â”€â”€â”€â”€â”€â”€â”€â”€â”€â”€â”€â”€â”€â”€â”€â”€  
   FAILED  Tests\Unit\Models\UserTest > `User Model` â†’ it calculates membership status correctly for expired member                          InvalidArgumentException   
  Unknown format "randomElement"

  at vendor\fakerphp\faker\src\Faker\Generator.php:743
    739â–•                 return $this->formatters[$format];
    740â–•             }
    741â–•         }
    742â–• 
  âžœ 743â–•         throw new \InvalidArgumentException(sprintf('Unknown format "%s"', $format));
    744â–•     }
    745â–• 
    746â–•     /**
    747â–•      * Replaces tokens ('{{ tokenName }}') with the result from the token method call

  1   vendor\fakerphp\faker\src\Faker\Generator.php:743
  2   vendor\fakerphp\faker\src\Faker\Generator.php:708

  â”€â”€â”€â”€â”€â”€â”€â”€â”€â”€â”€â”€â”€â”€â”€â”€â”€â”€â”€â”€â”€â”€â”€â”€â”€â”€â”€â”€â”€â”€â”€â”€â”€â”€â”€â”€â”€â”€â”€â”€â”€â”€â”€â”€â”€â”€â”€â”€â”€â”€â”€â”€â”€â”€â”€â”€â”€â”€â”€â”€â”€â”€â”€â”€â”€â”€â”€â”€â”€â”€â”€â”€â”€â”€â”€â”€â”€â”€â”€â”€â”€â”€â”€â”€â”€â”€â”€â”€â”€â”€â”€â”€â”€â”€â”€â”€â”€â”€â”€â”€â”€â”€â”€â”€â”€â”€â”€â”€â”€â”€â”€â”€â”€â”€â”€â”€â”€â”€â”€â”€â”€â”€â”€â”€â”€â”€â”€â”€â”€â”€â”€â”€â”€â”€â”€â”€â”€â”€â”€â”€â”€â”€â”€â”€â”€â”€â”€â”€â”€â”€â”€â”€â”€â”€â”€â”€â”€â”€â”€â”€â”€â”€â”€â”€  
   FAILED  Tests\Unit\Models\UserTest > `User Model` â†’ it calculates membership time left correctly                                          InvalidArgumentException   
  Unknown format "randomElement"

  at vendor\fakerphp\faker\src\Faker\Generator.php:743
    739â–•                 return $this->formatters[$format];
    740â–•             }
    741â–•         }
    742â–• 
  âžœ 743â–•         throw new \InvalidArgumentException(sprintf('Unknown format "%s"', $format));
    744â–•     }
    745â–• 
    746â–•     /**
    747â–•      * Replaces tokens ('{{ tokenName }}') with the result from the token method call

  1   vendor\fakerphp\faker\src\Faker\Generator.php:743
  2   vendor\fakerphp\faker\src\Faker\Generator.php:708

  â”€â”€â”€â”€â”€â”€â”€â”€â”€â”€â”€â”€â”€â”€â”€â”€â”€â”€â”€â”€â”€â”€â”€â”€â”€â”€â”€â”€â”€â”€â”€â”€â”€â”€â”€â”€â”€â”€â”€â”€â”€â”€â”€â”€â”€â”€â”€â”€â”€â”€â”€â”€â”€â”€â”€â”€â”€â”€â”€â”€â”€â”€â”€â”€â”€â”€â”€â”€â”€â”€â”€â”€â”€â”€â”€â”€â”€â”€â”€â”€â”€â”€â”€â”€â”€â”€â”€â”€â”€â”€â”€â”€â”€â”€â”€â”€â”€â”€â”€â”€â”€â”€â”€â”€â”€â”€â”€â”€â”€â”€â”€â”€â”€â”€â”€â”€â”€â”€â”€â”€â”€â”€â”€â”€â”€â”€â”€â”€â”€â”€â”€â”€â”€â”€â”€â”€â”€â”€â”€â”€â”€â”€â”€â”€â”€â”€â”€â”€â”€â”€â”€â”€â”€â”€â”€â”€â”€â”€â”€â”€â”€â”€â”€â”€  
   FAILED  Tests\Unit\Models\UserTest > `User Model` â†’ it checks admin permissions correctly                                                 InvalidArgumentException   
  Unknown format "randomElement"

  at vendor\fakerphp\faker\src\Faker\Generator.php:743
    739â–•                 return $this->formatters[$format];
    740â–•             }
    741â–•         }
    742â–• 
  âžœ 743â–•         throw new \InvalidArgumentException(sprintf('Unknown format "%s"', $format));
    744â–•     }
    745â–• 
    746â–•     /**
    747â–•      * Replaces tokens ('{{ tokenName }}') with the result from the token method call

  1   vendor\fakerphp\faker\src\Faker\Generator.php:743
  2   vendor\fakerphp\faker\src\Faker\Generator.php:708

  â”€â”€â”€â”€â”€â”€â”€â”€â”€â”€â”€â”€â”€â”€â”€â”€â”€â”€â”€â”€â”€â”€â”€â”€â”€â”€â”€â”€â”€â”€â”€â”€â”€â”€â”€â”€â”€â”€â”€â”€â”€â”€â”€â”€â”€â”€â”€â”€â”€â”€â”€â”€â”€â”€â”€â”€â”€â”€â”€â”€â”€â”€â”€â”€â”€â”€â”€â”€â”€â”€â”€â”€â”€â”€â”€â”€â”€â”€â”€â”€â”€â”€â”€â”€â”€â”€â”€â”€â”€â”€â”€â”€â”€â”€â”€â”€â”€â”€â”€â”€â”€â”€â”€â”€â”€â”€â”€â”€â”€â”€â”€â”€â”€â”€â”€â”€â”€â”€â”€â”€â”€â”€â”€â”€â”€â”€â”€â”€â”€â”€â”€â”€â”€â”€â”€â”€â”€â”€â”€â”€â”€â”€â”€â”€â”€â”€â”€â”€â”€â”€â”€â”€â”€â”€â”€â”€â”€â”€â”€â”€â”€â”€â”€â”€  
   FAILED  Tests\Unit\Models\UserTest > `User Model` â†’ it calculates membership status correctly for former member                           InvalidArgumentException   
  Unknown format "randomElement"

  at vendor\fakerphp\faker\src\Faker\Generator.php:743
    739â–•                 return $this->formatters[$format];
    740â–•             }
    741â–•         }
    742â–• 
  âžœ 743â–•         throw new \InvalidArgumentException(sprintf('Unknown format "%s"', $format));
    744â–•     }
    745â–• 
    746â–•     /**
    747â–•      * Replaces tokens ('{{ tokenName }}') with the result from the token method call

  1   vendor\fakerphp\faker\src\Faker\Generator.php:743
  2   vendor\fakerphp\faker\src\Faker\Generator.php:708

  â”€â”€â”€â”€â”€â”€â”€â”€â”€â”€â”€â”€â”€â”€â”€â”€â”€â”€â”€â”€â”€â”€â”€â”€â”€â”€â”€â”€â”€â”€â”€â”€â”€â”€â”€â”€â”€â”€â”€â”€â”€â”€â”€â”€â”€â”€â”€â”€â”€â”€â”€â”€â”€â”€â”€â”€â”€â”€â”€â”€â”€â”€â”€â”€â”€â”€â”€â”€â”€â”€â”€â”€â”€â”€â”€â”€â”€â”€â”€â”€â”€â”€â”€â”€â”€â”€â”€â”€â”€â”€â”€â”€â”€â”€â”€â”€â”€â”€â”€â”€â”€â”€â”€â”€â”€â”€â”€â”€â”€â”€â”€â”€â”€â”€â”€â”€â”€â”€â”€â”€â”€â”€â”€â”€â”€â”€â”€â”€â”€â”€â”€â”€â”€â”€â”€â”€â”€â”€â”€â”€â”€â”€â”€â”€â”€â”€â”€â”€â”€â”€â”€â”€â”€â”€â”€â”€â”€â”€â”€â”€â”€â”€â”€â”€  
   FAILED  Tests\Unit\Models\UserTest > `User Model` â†’ it handles user without membership correctly                                          InvalidArgumentException   
  Unknown format "randomElement"

  at vendor\fakerphp\faker\src\Faker\Generator.php:743
    739â–•                 return $this->formatters[$format];
    740â–•             }
    741â–•         }
    742â–• 
  âžœ 743â–•         throw new \InvalidArgumentException(sprintf('Unknown format "%s"', $format));
    744â–•     }
    745â–• 
    746â–•     /**
    747â–•      * Replaces tokens ('{{ tokenName }}') with the result from the token method call

  1   vendor\fakerphp\faker\src\Faker\Generator.php:743
  2   vendor\fakerphp\faker\src\Faker\Generator.php:708

  â”€â”€â”€â”€â”€â”€â”€â”€â”€â”€â”€â”€â”€â”€â”€â”€â”€â”€â”€â”€â”€â”€â”€â”€â”€â”€â”€â”€â”€â”€â”€â”€â”€â”€â”€â”€â”€â”€â”€â”€â”€â”€â”€â”€â”€â”€â”€â”€â”€â”€â”€â”€â”€â”€â”€â”€â”€â”€â”€â”€â”€â”€â”€â”€â”€â”€â”€â”€â”€â”€â”€â”€â”€â”€â”€â”€â”€â”€â”€â”€â”€â”€â”€â”€â”€â”€â”€â”€â”€â”€â”€â”€â”€â”€â”€â”€â”€â”€â”€â”€â”€â”€â”€â”€â”€â”€â”€â”€â”€â”€â”€â”€â”€â”€â”€â”€â”€â”€â”€â”€â”€â”€â”€â”€â”€â”€â”€â”€â”€â”€â”€â”€â”€â”€â”€â”€â”€â”€â”€â”€â”€â”€â”€â”€â”€â”€â”€â”€â”€â”€â”€â”€â”€â”€â”€â”€â”€â”€â”€â”€â”€â”€â”€â”€  
   FAILED  Tests\Unit\Models\UserTest > `User Model` â†’ it calculates membership status correctly for active member                           InvalidArgumentException   
  Unknown format "randomElement"

  at vendor\fakerphp\faker\src\Faker\Generator.php:743
    739â–•                 return $this->formatters[$format];
    740â–•             }
    741â–•         }
    742â–• 
  âžœ 743â–•         throw new \InvalidArgumentException(sprintf('Unknown format "%s"', $format));
    744â–•     }
    745â–• 
    746â–•     /**
    747â–•      * Replaces tokens ('{{ tokenName }}') with the result from the token method call

  1   vendor\fakerphp\faker\src\Faker\Generator.php:743
  2   vendor\fakerphp\faker\src\Faker\Generator.php:708

  â”€â”€â”€â”€â”€â”€â”€â”€â”€â”€â”€â”€â”€â”€â”€â”€â”€â”€â”€â”€â”€â”€â”€â”€â”€â”€â”€â”€â”€â”€â”€â”€â”€â”€â”€â”€â”€â”€â”€â”€â”€â”€â”€â”€â”€â”€â”€â”€â”€â”€â”€â”€â”€â”€â”€â”€â”€â”€â”€â”€â”€â”€â”€â”€â”€â”€â”€â”€â”€â”€â”€â”€â”€â”€â”€â”€â”€â”€â”€â”€â”€â”€â”€â”€â”€â”€â”€â”€â”€â”€â”€â”€â”€â”€â”€â”€â”€â”€â”€â”€â”€â”€â”€â”€â”€â”€â”€â”€â”€â”€â”€â”€â”€â”€â”€â”€â”€â”€â”€â”€â”€â”€â”€â”€â”€â”€â”€â”€â”€â”€â”€â”€â”€â”€â”€â”€â”€â”€â”€â”€â”€â”€â”€â”€â”€â”€â”€â”€â”€â”€â”€â”€â”€â”€â”€â”€â”€â”€â”€â”€â”€â”€â”€â”€  
   FAILED  Tests\Unit\Models\EventTest > `Event Model` â†’ it checks if user can register when everything is valid                             InvalidArgumentException   
  Unknown format "randomElement"

  at vendor\fakerphp\faker\src\Faker\Generator.php:743
    739â–•                 return $this->formatters[$format];
    740â–•             }
    741â–•         }
    742â–• 
  âžœ 743â–•         throw new \InvalidArgumentException(sprintf('Unknown format "%s"', $format));
    744â–•     }
    745â–• 
    746â–•     /**
    747â–•      * Replaces tokens ('{{ tokenName }}') with the result from the token method call

  1   vendor\fakerphp\faker\src\Faker\Generator.php:743
  2   vendor\fakerphp\faker\src\Faker\Generator.php:708

  â”€â”€â”€â”€â”€â”€â”€â”€â”€â”€â”€â”€â”€â”€â”€â”€â”€â”€â”€â”€â”€â”€â”€â”€â”€â”€â”€â”€â”€â”€â”€â”€â”€â”€â”€â”€â”€â”€â”€â”€â”€â”€â”€â”€â”€â”€â”€â”€â”€â”€â”€â”€â”€â”€â”€â”€â”€â”€â”€â”€â”€â”€â”€â”€â”€â”€â”€â”€â”€â”€â”€â”€â”€â”€â”€â”€â”€â”€â”€â”€â”€â”€â”€â”€â”€â”€â”€â”€â”€â”€â”€â”€â”€â”€â”€â”€â”€â”€â”€â”€â”€â”€â”€â”€â”€â”€â”€â”€â”€â”€â”€â”€â”€â”€â”€â”€â”€â”€â”€â”€â”€â”€â”€â”€â”€â”€â”€â”€â”€â”€â”€â”€â”€â”€â”€â”€â”€â”€â”€â”€â”€â”€â”€â”€â”€â”€â”€â”€â”€â”€â”€â”€â”€â”€â”€â”€â”€â”€â”€â”€â”€â”€â”€â”€  
   FAILED  Tests\Unit\Models\EventTest > `Event Model` â†’ it prevents registration when event is full                                         InvalidArgumentException   
  Unknown format "randomElement"

  at vendor\fakerphp\faker\src\Faker\Generator.php:743
    739â–•                 return $this->formatters[$format];
    740â–•             }
    741â–•         }
    742â–• 
  âžœ 743â–•         throw new \InvalidArgumentException(sprintf('Unknown format "%s"', $format));
    744â–•     }
    745â–• 
    746â–•     /**
    747â–•      * Replaces tokens ('{{ tokenName }}') with the result from the token method call

  1   vendor\fakerphp\faker\src\Faker\Generator.php:743
  2   vendor\fakerphp\faker\src\Faker\Generator.php:708

  â”€â”€â”€â”€â”€â”€â”€â”€â”€â”€â”€â”€â”€â”€â”€â”€â”€â”€â”€â”€â”€â”€â”€â”€â”€â”€â”€â”€â”€â”€â”€â”€â”€â”€â”€â”€â”€â”€â”€â”€â”€â”€â”€â”€â”€â”€â”€â”€â”€â”€â”€â”€â”€â”€â”€â”€â”€â”€â”€â”€â”€â”€â”€â”€â”€â”€â”€â”€â”€â”€â”€â”€â”€â”€â”€â”€â”€â”€â”€â”€â”€â”€â”€â”€â”€â”€â”€â”€â”€â”€â”€â”€â”€â”€â”€â”€â”€â”€â”€â”€â”€â”€â”€â”€â”€â”€â”€â”€â”€â”€â”€â”€â”€â”€â”€â”€â”€â”€â”€â”€â”€â”€â”€â”€â”€â”€â”€â”€â”€â”€â”€â”€â”€â”€â”€â”€â”€â”€â”€â”€â”€â”€â”€â”€â”€â”€â”€â”€â”€â”€â”€â”€â”€â”€â”€â”€â”€â”€â”€â”€â”€â”€â”€â”€  
   FAILED  Tests\Unit\Models\EventTest > `Event Model` â†’ it validates max participants change restrictions                                   InvalidArgumentException   
  Unknown format "randomElement"

  at vendor\fakerphp\faker\src\Faker\Generator.php:743
    739â–•                 return $this->formatters[$format];
    740â–•             }
    741â–•         }
    742â–• 
  âžœ 743â–•         throw new \InvalidArgumentException(sprintf('Unknown format "%s"', $format));
    744â–•     }
    745â–• 
    746â–•     /**
    747â–•      * Replaces tokens ('{{ tokenName }}') with the result from the token method call

  1   vendor\fakerphp\faker\src\Faker\Generator.php:743
  2   vendor\fakerphp\faker\src\Faker\Generator.php:708

  â”€â”€â”€â”€â”€â”€â”€â”€â”€â”€â”€â”€â”€â”€â”€â”€â”€â”€â”€â”€â”€â”€â”€â”€â”€â”€â”€â”€â”€â”€â”€â”€â”€â”€â”€â”€â”€â”€â”€â”€â”€â”€â”€â”€â”€â”€â”€â”€â”€â”€â”€â”€â”€â”€â”€â”€â”€â”€â”€â”€â”€â”€â”€â”€â”€â”€â”€â”€â”€â”€â”€â”€â”€â”€â”€â”€â”€â”€â”€â”€â”€â”€â”€â”€â”€â”€â”€â”€â”€â”€â”€â”€â”€â”€â”€â”€â”€â”€â”€â”€â”€â”€â”€â”€â”€â”€â”€â”€â”€â”€â”€â”€â”€â”€â”€â”€â”€â”€â”€â”€â”€â”€â”€â”€â”€â”€â”€â”€â”€â”€â”€â”€â”€â”€â”€â”€â”€â”€â”€â”€â”€â”€â”€â”€â”€â”€â”€â”€â”€â”€â”€â”€â”€â”€â”€â”€â”€â”€â”€â”€â”€â”€â”€â”€  
   FAILED  Tests\Unit\Models\EventTest > `Event Model` â†’ it counts participants correctly                                                    InvalidArgumentException   
  Unknown format "randomElement"

  at vendor\fakerphp\faker\src\Faker\Generator.php:743
    739â–•                 return $this->formatters[$format];
    740â–•             }
    741â–•         }
    742â–• 
  âžœ 743â–•         throw new \InvalidArgumentException(sprintf('Unknown format "%s"', $format));
    744â–•     }
    745â–• 
    746â–•     /**
    747â–•      * Replaces tokens ('{{ tokenName }}') with the result from the token method call

  1   vendor\fakerphp\faker\src\Faker\Generator.php:743
  2   vendor\fakerphp\faker\src\Faker\Generator.php:708

  â”€â”€â”€â”€â”€â”€â”€â”€â”€â”€â”€â”€â”€â”€â”€â”€â”€â”€â”€â”€â”€â”€â”€â”€â”€â”€â”€â”€â”€â”€â”€â”€â”€â”€â”€â”€â”€â”€â”€â”€â”€â”€â”€â”€â”€â”€â”€â”€â”€â”€â”€â”€â”€â”€â”€â”€â”€â”€â”€â”€â”€â”€â”€â”€â”€â”€â”€â”€â”€â”€â”€â”€â”€â”€â”€â”€â”€â”€â”€â”€â”€â”€â”€â”€â”€â”€â”€â”€â”€â”€â”€â”€â”€â”€â”€â”€â”€â”€â”€â”€â”€â”€â”€â”€â”€â”€â”€â”€â”€â”€â”€â”€â”€â”€â”€â”€â”€â”€â”€â”€â”€â”€â”€â”€â”€â”€â”€â”€â”€â”€â”€â”€â”€â”€â”€â”€â”€â”€â”€â”€â”€â”€â”€â”€â”€â”€â”€â”€â”€â”€â”€â”€â”€â”€â”€â”€â”€â”€â”€â”€â”€â”€â”€â”€  
   FAILED  Tests\Unit\Models\EventTest > `Event Model` â†’ it calculates numeric price correctly                                               InvalidArgumentException   
  Unknown format "randomElement"

  at vendor\fakerphp\faker\src\Faker\Generator.php:743
    739â–•                 return $this->formatters[$format];
    740â–•             }
    741â–•         }
    742â–• 
  âžœ 743â–•         throw new \InvalidArgumentException(sprintf('Unknown format "%s"', $format));
    744â–•     }
    745â–• 
    746â–•     /**
    747â–•      * Replaces tokens ('{{ tokenName }}') with the result from the token method call

  1   vendor\fakerphp\faker\src\Faker\Generator.php:743
  2   vendor\fakerphp\faker\src\Faker\Generator.php:708

  â”€â”€â”€â”€â”€â”€â”€â”€â”€â”€â”€â”€â”€â”€â”€â”€â”€â”€â”€â”€â”€â”€â”€â”€â”€â”€â”€â”€â”€â”€â”€â”€â”€â”€â”€â”€â”€â”€â”€â”€â”€â”€â”€â”€â”€â”€â”€â”€â”€â”€â”€â”€â”€â”€â”€â”€â”€â”€â”€â”€â”€â”€â”€â”€â”€â”€â”€â”€â”€â”€â”€â”€â”€â”€â”€â”€â”€â”€â”€â”€â”€â”€â”€â”€â”€â”€â”€â”€â”€â”€â”€â”€â”€â”€â”€â”€â”€â”€â”€â”€â”€â”€â”€â”€â”€â”€â”€â”€â”€â”€â”€â”€â”€â”€â”€â”€â”€â”€â”€â”€â”€â”€â”€â”€â”€â”€â”€â”€â”€â”€â”€â”€â”€â”€â”€â”€â”€â”€â”€â”€â”€â”€â”€â”€â”€â”€â”€â”€â”€â”€â”€â”€â”€â”€â”€â”€â”€â”€â”€â”€â”€â”€â”€â”€  
   FAILED  Tests\Unit\Models\EventTest > `Event Model` â†’ it checks if event is paid correctly                                                InvalidArgumentException   
  Unknown format "randomElement"

  at vendor\fakerphp\faker\src\Faker\Generator.php:743
    739â–•                 return $this->formatters[$format];
    740â–•             }
    741â–•         }
    742â–• 
  âžœ 743â–•         throw new \InvalidArgumentException(sprintf('Unknown format "%s"', $format));
    744â–•     }
    745â–• 
    746â–•     /**
    747â–•      * Replaces tokens ('{{ tokenName }}') with the result from the token method call

  1   vendor\fakerphp\faker\src\Faker\Generator.php:743
  2   vendor\fakerphp\faker\src\Faker\Generator.php:708

  â”€â”€â”€â”€â”€â”€â”€â”€â”€â”€â”€â”€â”€â”€â”€â”€â”€â”€â”€â”€â”€â”€â”€â”€â”€â”€â”€â”€â”€â”€â”€â”€â”€â”€â”€â”€â”€â”€â”€â”€â”€â”€â”€â”€â”€â”€â”€â”€â”€â”€â”€â”€â”€â”€â”€â”€â”€â”€â”€â”€â”€â”€â”€â”€â”€â”€â”€â”€â”€â”€â”€â”€â”€â”€â”€â”€â”€â”€â”€â”€â”€â”€â”€â”€â”€â”€â”€â”€â”€â”€â”€â”€â”€â”€â”€â”€â”€â”€â”€â”€â”€â”€â”€â”€â”€â”€â”€â”€â”€â”€â”€â”€â”€â”€â”€â”€â”€â”€â”€â”€â”€â”€â”€â”€â”€â”€â”€â”€â”€â”€â”€â”€â”€â”€â”€â”€â”€â”€â”€â”€â”€â”€â”€â”€â”€â”€â”€â”€â”€â”€â”€â”€â”€â”€â”€â”€â”€â”€â”€â”€â”€â”€â”€â”€  
   FAILED  Tests\Unit\Models\EventTest > `Event Model` â†’ it verifies user registration status                                                InvalidArgumentException   
  Unknown format "randomElement"

  at vendor\fakerphp\faker\src\Faker\Generator.php:743
    739â–•                 return $this->formatters[$format];
    740â–•             }
    741â–•         }
    742â–• 
  âžœ 743â–•         throw new \InvalidArgumentException(sprintf('Unknown format "%s"', $format));
    744â–•     }
    745â–• 
    746â–•     /**
    747â–•      * Replaces tokens ('{{ tokenName }}') with the result from the token method call

  1   vendor\fakerphp\faker\src\Faker\Generator.php:743
  2   vendor\fakerphp\faker\src\Faker\Generator.php:708

  â”€â”€â”€â”€â”€â”€â”€â”€â”€â”€â”€â”€â”€â”€â”€â”€â”€â”€â”€â”€â”€â”€â”€â”€â”€â”€â”€â”€â”€â”€â”€â”€â”€â”€â”€â”€â”€â”€â”€â”€â”€â”€â”€â”€â”€â”€â”€â”€â”€â”€â”€â”€â”€â”€â”€â”€â”€â”€â”€â”€â”€â”€â”€â”€â”€â”€â”€â”€â”€â”€â”€â”€â”€â”€â”€â”€â”€â”€â”€â”€â”€â”€â”€â”€â”€â”€â”€â”€â”€â”€â”€â”€â”€â”€â”€â”€â”€â”€â”€â”€â”€â”€â”€â”€â”€â”€â”€â”€â”€â”€â”€â”€â”€â”€â”€â”€â”€â”€â”€â”€â”€â”€â”€â”€â”€â”€â”€â”€â”€â”€â”€â”€â”€â”€â”€â”€â”€â”€â”€â”€â”€â”€â”€â”€â”€â”€â”€â”€â”€â”€â”€â”€â”€â”€â”€â”€â”€â”€â”€â”€â”€â”€â”€â”€  
   FAILED  Tests\Unit\Models\EventTest > `Event Model` â†’ it prevents registration for non-members on members-only events                     InvalidArgumentException   
  Unknown format "randomElement"

  at vendor\fakerphp\faker\src\Faker\Generator.php:743
    739â–•                 return $this->formatters[$format];
    740â–•             }
    741â–•         }
    742â–• 
  âžœ 743â–•         throw new \InvalidArgumentException(sprintf('Unknown format "%s"', $format));
    744â–•     }
    745â–• 
    746â–•     /**
    747â–•      * Replaces tokens ('{{ tokenName }}') with the result from the token method call

  1   vendor\fakerphp\faker\src\Faker\Generator.php:743
  2   vendor\fakerphp\faker\src\Faker\Generator.php:708

  â”€â”€â”€â”€â”€â”€â”€â”€â”€â”€â”€â”€â”€â”€â”€â”€â”€â”€â”€â”€â”€â”€â”€â”€â”€â”€â”€â”€â”€â”€â”€â”€â”€â”€â”€â”€â”€â”€â”€â”€â”€â”€â”€â”€â”€â”€â”€â”€â”€â”€â”€â”€â”€â”€â”€â”€â”€â”€â”€â”€â”€â”€â”€â”€â”€â”€â”€â”€â”€â”€â”€â”€â”€â”€â”€â”€â”€â”€â”€â”€â”€â”€â”€â”€â”€â”€â”€â”€â”€â”€â”€â”€â”€â”€â”€â”€â”€â”€â”€â”€â”€â”€â”€â”€â”€â”€â”€â”€â”€â”€â”€â”€â”€â”€â”€â”€â”€â”€â”€â”€â”€â”€â”€â”€â”€â”€â”€â”€â”€â”€â”€â”€â”€â”€â”€â”€â”€â”€â”€â”€â”€â”€â”€â”€â”€â”€â”€â”€â”€â”€â”€â”€â”€â”€â”€â”€â”€â”€â”€â”€â”€â”€â”€â”€  
   FAILED  Tests\Unit\Models\EventTest > `Event Model` â†’ it prevents registration when registration is closed                                InvalidArgumentException   
  Unknown format "randomElement"

  at vendor\fakerphp\faker\src\Faker\Generator.php:743
    739â–•                 return $this->formatters[$format];
    740â–•             }
    741â–•         }
    742â–• 
  âžœ 743â–•         throw new \InvalidArgumentException(sprintf('Unknown format "%s"', $format));
    744â–•     }
    745â–• 
    746â–•     /**
    747â–•      * Replaces tokens ('{{ tokenName }}') with the result from the token method call

  1   vendor\fakerphp\faker\src\Faker\Generator.php:743
  2   vendor\fakerphp\faker\src\Faker\Generator.php:708


  Tests:    28 failed, 37 passed (94 assertions)
  Duration: 7.13s
  Random Order Seed: 1750424328

Time: 00:06.922, Memory: 66.00 MB

C:\Users\alexi\Documents\Casden\ascbp-app\tests\Feature\AdminDashboardTest.php
 âœ” example

C:\Users\alexi\Documents\Casden\ascbp-app\tests\Feature\AdminUserManagementTest.php
 âœ” example

C:\Users\alexi\Documents\Casden\ascbp-app\tests\Feature\Articles\ArticleLifecycleTest.php
 âœ˜ `Article Complete Lifecycle` â†’ it completes full article creation workflow with image
   â”‚
   â”‚ BadMethodCallException: Call to undefined method App\Models\Role::factory()
   â”‚
   â”‚ C:\Users\alexi\Documents\Casden\ascbp-app\vendor\laravel\framework\src\Illuminate\Support\Traits\ForwardsCalls.php:67
   â”‚ C:\Users\alexi\Documents\Casden\ascbp-app\vendor\laravel\framework\src\Illuminate\Support\Traits\ForwardsCalls.php:36
   â”‚ C:\Users\alexi\Documents\Casden\ascbp-app\vendor\laravel\framework\src\Illuminate\Database\Eloquent\Model.php:2372
   â”‚ C:\Users\alexi\Documents\Casden\ascbp-app\vendor\laravel\framework\src\Illuminate\Database\Eloquent\Model.php:2384
   â”‚ C:\Users\alexi\Documents\Casden\ascbp-app\tests\Feature\Articles\ArticleLifecycleTest.php:21
   â”‚
 âœ˜ `Article Complete Lifecycle` â†’ it handles article viewing and statistics
   â”‚
   â”‚ BadMethodCallException: Call to undefined method App\Models\Role::factory()
   â”‚
   â”‚ C:\Users\alexi\Documents\Casden\ascbp-app\vendor\laravel\framework\src\Illuminate\Support\Traits\ForwardsCalls.php:67
   â”‚ C:\Users\alexi\Documents\Casden\ascbp-app\vendor\laravel\framework\src\Illuminate\Support\Traits\ForwardsCalls.php:36
   â”‚ C:\Users\alexi\Documents\Casden\ascbp-app\vendor\laravel\framework\src\Illuminate\Database\Eloquent\Model.php:2372
   â”‚ C:\Users\alexi\Documents\Casden\ascbp-app\vendor\laravel\framework\src\Illuminate\Database\Eloquent\Model.php:2384
   â”‚ C:\Users\alexi\Documents\Casden\ascbp-app\tests\Feature\Articles\ArticleLifecycleTest.php:21
   â”‚
 âœ˜ `Article Complete Lifecycle` â†’ it processes article interactions (likes and comments)
   â”‚
   â”‚ BadMethodCallException: Call to undefined method App\Models\Role::factory()
   â”‚
   â”‚ C:\Users\alexi\Documents\Casden\ascbp-app\vendor\laravel\framework\src\Illuminate\Support\Traits\ForwardsCalls.php:67
   â”‚ C:\Users\alexi\Documents\Casden\ascbp-app\vendor\laravel\framework\src\Illuminate\Support\Traits\ForwardsCalls.php:36
   â”‚ C:\Users\alexi\Documents\Casden\ascbp-app\vendor\laravel\framework\src\Illuminate\Database\Eloquent\Model.php:2372
   â”‚ C:\Users\alexi\Documents\Casden\ascbp-app\vendor\laravel\framework\src\Illuminate\Database\Eloquent\Model.php:2384
   â”‚ C:\Users\alexi\Documents\Casden\ascbp-app\tests\Feature\Articles\ArticleLifecycleTest.php:21
   â”‚
 âœ˜ `Article Complete Lifecycle` â†’ it handles article moderation workflow
   â”‚
   â”‚ BadMethodCallException: Call to undefined method App\Models\Role::factory()
   â”‚
   â”‚ C:\Users\alexi\Documents\Casden\ascbp-app\vendor\laravel\framework\src\Illuminate\Support\Traits\ForwardsCalls.php:67
   â”‚ C:\Users\alexi\Documents\Casden\ascbp-app\vendor\laravel\framework\src\Illuminate\Support\Traits\ForwardsCalls.php:36
   â”‚ C:\Users\alexi\Documents\Casden\ascbp-app\vendor\laravel\framework\src\Illuminate\Database\Eloquent\Model.php:2372
   â”‚ C:\Users\alexi\Documents\Casden\ascbp-app\vendor\laravel\framework\src\Illuminate\Database\Eloquent\Model.php:2384
   â”‚ C:\Users\alexi\Documents\Casden\ascbp-app\tests\Feature\Articles\ArticleLifecycleTest.php:21
   â”‚
 âœ˜ `Article Complete Lifecycle` â†’ it enforces permission restrictions correctly
   â”‚
   â”‚ BadMethodCallException: Call to undefined method App\Models\Role::factory()
   â”‚
   â”‚ C:\Users\alexi\Documents\Casden\ascbp-app\vendor\laravel\framework\src\Illuminate\Support\Traits\ForwardsCalls.php:67
   â”‚ C:\Users\alexi\Documents\Casden\ascbp-app\vendor\laravel\framework\src\Illuminate\Support\Traits\ForwardsCalls.php:36
   â”‚ C:\Users\alexi\Documents\Casden\ascbp-app\vendor\laravel\framework\src\Illuminate\Database\Eloquent\Model.php:2372
   â”‚ C:\Users\alexi\Documents\Casden\ascbp-app\vendor\laravel\framework\src\Illuminate\Database\Eloquent\Model.php:2384
   â”‚ C:\Users\alexi\Documents\Casden\ascbp-app\tests\Feature\Articles\ArticleLifecycleTest.php:21
   â”‚
 âœ˜ `Article Complete Lifecycle` â†’ it handles article deletion with cleanup
   â”‚
   â”‚ BadMethodCallException: Call to undefined method App\Models\Role::factory()
   â”‚
   â”‚ C:\Users\alexi\Documents\Casden\ascbp-app\vendor\laravel\framework\src\Illuminate\Support\Traits\ForwardsCalls.php:67
   â”‚ C:\Users\alexi\Documents\Casden\ascbp-app\vendor\laravel\framework\src\Illuminate\Support\Traits\ForwardsCalls.php:36
   â”‚ C:\Users\alexi\Documents\Casden\ascbp-app\vendor\laravel\framework\src\Illuminate\Database\Eloquent\Model.php:2372
   â”‚ C:\Users\alexi\Documents\Casden\ascbp-app\vendor\laravel\framework\src\Illuminate\Database\Eloquent\Model.php:2384
   â”‚ C:\Users\alexi\Documents\Casden\ascbp-app\tests\Feature\Articles\ArticleLifecycleTest.php:21
   â”‚

C:\Users\alexi\Documents\Casden\ascbp-app\tests\Feature\Auth\AuthenticationTest.php
 âœ” login screen can be rendered
 âœ” users can authenticate using the login screen
 âœ” users can not authenticate with invalid password
 âœ” users can logout

C:\Users\alexi\Documents\Casden\ascbp-app\tests\Feature\Auth\EmailVerificationTest.php
 âœ” email verification screen can be rendered
 âœ” email can be verified
 âœ” email is not verified with invalid hash

C:\Users\alexi\Documents\Casden\ascbp-app\tests\Feature\Auth\PasswordConfirmationTest.php
 âœ” confirm password screen can be rendered
 âœ” password can be confirmed
 âœ” password is not confirmed with invalid password

C:\Users\alexi\Documents\Casden\ascbp-app\tests\Feature\Auth\PasswordResetTest.php
 âœ” reset password link screen can be rendered
 âœ” reset password link can be requested
 âœ” reset password screen can be rendered
 âœ” password can be reset with valid token

C:\Users\alexi\Documents\Casden\ascbp-app\tests\Feature\Auth\PasswordUpdateTest.php
 âœ” password can be updated
 âœ” correct password must be provided to update password

C:\Users\alexi\Documents\Casden\ascbp-app\tests\Feature\Auth\RegistrationTest.php
 âœ” registration screen can be rendered
 âœ” new users can register

C:\Users\alexi\Documents\Casden\ascbp-app\tests\Feature\CertificateLinkTest.php
 âœ” example

C:\Users\alexi\Documents\Casden\ascbp-app\tests\Feature\CertificateUploadTest.php
 âœ” example

C:\Users\alexi\Documents\Casden\ascbp-app\tests\Feature\EventManagementTest.php
 âœ” example

C:\Users\alexi\Documents\Casden\ascbp-app\tests\Feature\Events\EventRegistrationTest.php
 âœ˜ `Event Registration Integration` â†’ it allows valid user registration
   â”‚
   â”‚ Failed asserting that two strings are equal.
   â”‚ --- Expected
   â”‚ +++ Actual
   â”‚ @@ @@
   â”‚ -'http://localhost/events/1'
   â”‚ +'http://localhost'
   â”‚
   â”‚ C:\Users\alexi\Documents\Casden\ascbp-app\vendor\laravel\framework\src\Illuminate\Testing\TestResponseAssert.php:45
   â”‚ C:\Users\alexi\Documents\Casden\ascbp-app\vendor\laravel\framework\src\Illuminate\Testing\TestResponse.php:325
   â”‚ C:\Users\alexi\Documents\Casden\ascbp-app\vendor\laravel\framework\src\Illuminate\Testing\TestResponse.php:191
   â”‚ C:\Users\alexi\Documents\Casden\ascbp-app\tests\Feature\Events\EventRegistrationTest.php:34
   â”‚
 âœ” `Event Registration Integration` â†’ it prevents double registration
 âœ˜ `Event Registration Integration` â†’ it enforces members-only restriction
   â”‚
   â”‚ Failed asserting that two strings are equal.
   â”‚ --- Expected
   â”‚ +++ Actual
   â”‚ @@ @@
   â”‚ -'http://localhost/membership'
   â”‚ +'http://localhost/events/1'
   â”‚
   â”‚ C:\Users\alexi\Documents\Casden\ascbp-app\vendor\laravel\framework\src\Illuminate\Testing\TestResponseAssert.php:45
   â”‚ C:\Users\alexi\Documents\Casden\ascbp-app\vendor\laravel\framework\src\Illuminate\Testing\TestResponse.php:325
   â”‚ C:\Users\alexi\Documents\Casden\ascbp-app\vendor\laravel\framework\src\Illuminate\Testing\TestResponse.php:191
   â”‚ C:\Users\alexi\Documents\Casden\ascbp-app\tests\Feature\Events\EventRegistrationTest.php:76
   â”‚
 âœ” `Event Registration Integration` â†’ it allows members-only registration for valid members
 âœ” `Event Registration Integration` â†’ it prevents registration when event is full
 âœ” `Event Registration Integration` â†’ it handles event unregistration correctly
 âœ˜ `Event Registration Integration` â†’ it validates registration data correctly
   â”‚
   â”‚ Session is missing expected key [errors].
   â”‚ Failed asserting that false is true.
   â”‚
   â”‚ C:\Users\alexi\Documents\Casden\ascbp-app\vendor\laravel\framework\src\Illuminate\Testing\TestResponseAssert.php:45
   â”‚ C:\Users\alexi\Documents\Casden\ascbp-app\vendor\laravel\framework\src\Illuminate\Testing\TestResponse.php:1426
   â”‚ C:\Users\alexi\Documents\Casden\ascbp-app\vendor\laravel\framework\src\Illuminate\Testing\TestResponse.php:1503
   â”‚ C:\Users\alexi\Documents\Casden\ascbp-app\tests\Feature\Events\EventRegistrationTest.php:148
   â”‚
 âœ” `Event Registration Integration` â†’ it requires authentication for registration

C:\Users\alexi\Documents\Casden\ascbp-app\tests\Feature\ExampleTest.php
 âœ” it returns a successful response

C:\Users\alexi\Documents\Casden\ascbp-app\tests\Feature\PhotoUploadTest.php
 âœ” it stores valid profile picture
 âœ” it rejects invalid profile picture (exe file)
 âœ” it rejects a second upload of the same profile picture

C:\Users\alexi\Documents\Casden\ascbp-app\tests\Feature\ProfileDeleteTest.php
 âœ” example

C:\Users\alexi\Documents\Casden\ascbp-app\tests\Feature\ProfileTest.php
 âœ” profile page is displayed
 âœ˜ profile information can be updated
   â”‚
   â”‚ Expected response status code [201, 301, 302, 303, 307, 308] but received 405.
   â”‚ Failed asserting that false is true.
   â”‚
   â”‚ C:\Users\alexi\Documents\Casden\ascbp-app\vendor\laravel\framework\src\Illuminate\Testing\TestResponseAssert.php:45
   â”‚ C:\Users\alexi\Documents\Casden\ascbp-app\vendor\laravel\framework\src\Illuminate\Testing\TestResponse.php:185
   â”‚ C:\Users\alexi\Documents\Casden\ascbp-app\tests\Feature\ProfileTest.php:28
   â”‚
 âœ˜ email verification status is unchanged when the email address is unchanged
   â”‚
   â”‚ Expected response status code [201, 301, 302, 303, 307, 308] but received 405.
   â”‚ Failed asserting that false is true.
   â”‚
   â”‚ C:\Users\alexi\Documents\Casden\ascbp-app\vendor\laravel\framework\src\Illuminate\Testing\TestResponseAssert.php:45
   â”‚ C:\Users\alexi\Documents\Casden\ascbp-app\vendor\laravel\framework\src\Illuminate\Testing\TestResponse.php:185
   â”‚ C:\Users\alexi\Documents\Casden\ascbp-app\tests\Feature\ProfileTest.php:51
   â”‚
 âœ˜ user can delete their account
   â”‚
   â”‚ Expected response status code [201, 301, 302, 303, 307, 308] but received 405.
   â”‚ Failed asserting that false is true.
   â”‚
   â”‚ C:\Users\alexi\Documents\Casden\ascbp-app\vendor\laravel\framework\src\Illuminate\Testing\TestResponseAssert.php:45
   â”‚ C:\Users\alexi\Documents\Casden\ascbp-app\vendor\laravel\framework\src\Illuminate\Testing\TestResponse.php:185
   â”‚ C:\Users\alexi\Documents\Casden\ascbp-app\tests\Feature\ProfileTest.php:67
   â”‚
 âœ˜ correct password must be provided to delete account
   â”‚
   â”‚ Session is missing expected key [errors].
   â”‚ Failed asserting that false is true.
   â”‚
   â”‚ C:\Users\alexi\Documents\Casden\ascbp-app\vendor\laravel\framework\src\Illuminate\Testing\TestResponseAssert.php:45
   â”‚ C:\Users\alexi\Documents\Casden\ascbp-app\vendor\laravel\framework\src\Illuminate\Testing\TestResponse.php:1426
   â”‚ C:\Users\alexi\Documents\Casden\ascbp-app\vendor\laravel\framework\src\Illuminate\Testing\TestResponse.php:1503
   â”‚ C:\Users\alexi\Documents\Casden\ascbp-app\tests\Feature\ProfileTest.php:84
   â”‚

C:\Users\alexi\Documents\Casden\ascbp-app\tests\Feature\ProfileUpdateTest.php
 âœ” example

C:\Users\alexi\Documents\Casden\ascbp-app\tests\Feature\UserDashboardTest.php
 âœ” example

C:\Users\alexi\Documents\Casden\ascbp-app\tests\Unit\ExampleTest.php
 âœ” that true is true

C:\Users\alexi\Documents\Casden\ascbp-app\tests\Unit\Models\EventTest.php
 âœ˜ `Event Model` â†’ it checks if user can register when everything is valid
   â”‚
   â”‚ InvalidArgumentException: Unknown format "randomElement"
   â”‚
   â”‚ C:\Users\alexi\Documents\Casden\ascbp-app\vendor\fakerphp\faker\src\Faker\Generator.php:743
   â”‚ C:\Users\alexi\Documents\Casden\ascbp-app\vendor\fakerphp\faker\src\Faker\Generator.php:708
   â”‚ C:\Users\alexi\Documents\Casden\ascbp-app\vendor\fakerphp\faker\src\Faker\Generator.php:973
   â”‚ C:\Users\alexi\Documents\Casden\ascbp-app\database\factories\EventFactory.php:43
   â”‚ C:\Users\alexi\Documents\Casden\ascbp-app\vendor\laravel\framework\src\Illuminate\Database\Eloquent\Factories\Factory.php:468
   â”‚ C:\Users\alexi\Documents\Casden\ascbp-app\vendor\laravel\framework\src\Illuminate\Database\Eloquent\Factories\Factory.php:447
   â”‚ C:\Users\alexi\Documents\Casden\ascbp-app\vendor\laravel\framework\src\Illuminate\Database\Eloquent\Factories\Factory.php:431
   â”‚ C:\Users\alexi\Documents\Casden\ascbp-app\vendor\laravel\framework\src\Illuminate\Database\Eloquent\Concerns\GuardsAttributes.php:155
   â”‚ C:\Users\alexi\Documents\Casden\ascbp-app\vendor\laravel\framework\src\Illuminate\Database\Eloquent\Factories\Factory.php:430
   â”‚ C:\Users\alexi\Documents\Casden\ascbp-app\vendor\laravel\framework\src\Illuminate\Database\Eloquent\Factories\Factory.php:404
   â”‚ C:\Users\alexi\Documents\Casden\ascbp-app\vendor\laravel\framework\src\Illuminate\Database\Eloquent\Factories\Factory.php:300
   â”‚ C:\Users\alexi\Documents\Casden\ascbp-app\vendor\laravel\framework\src\Illuminate\Database\Eloquent\Factories\Factory.php:297
   â”‚ C:\Users\alexi\Documents\Casden\ascbp-app\tests\Unit\Models\EventTest.php:12
   â”‚
 âœ˜ `Event Model` â†’ it prevents registration when event is full
   â”‚
   â”‚ InvalidArgumentException: Unknown format "randomElement"
   â”‚
   â”‚ C:\Users\alexi\Documents\Casden\ascbp-app\vendor\fakerphp\faker\src\Faker\Generator.php:743
   â”‚ C:\Users\alexi\Documents\Casden\ascbp-app\vendor\fakerphp\faker\src\Faker\Generator.php:708
   â”‚ C:\Users\alexi\Documents\Casden\ascbp-app\vendor\fakerphp\faker\src\Faker\Generator.php:973
   â”‚ C:\Users\alexi\Documents\Casden\ascbp-app\database\factories\EventFactory.php:43
   â”‚ C:\Users\alexi\Documents\Casden\ascbp-app\vendor\laravel\framework\src\Illuminate\Database\Eloquent\Factories\Factory.php:468
   â”‚ C:\Users\alexi\Documents\Casden\ascbp-app\vendor\laravel\framework\src\Illuminate\Database\Eloquent\Factories\Factory.php:447
   â”‚ C:\Users\alexi\Documents\Casden\ascbp-app\vendor\laravel\framework\src\Illuminate\Database\Eloquent\Factories\Factory.php:431
   â”‚ C:\Users\alexi\Documents\Casden\ascbp-app\vendor\laravel\framework\src\Illuminate\Database\Eloquent\Concerns\GuardsAttributes.php:155
   â”‚ C:\Users\alexi\Documents\Casden\ascbp-app\vendor\laravel\framework\src\Illuminate\Database\Eloquent\Factories\Factory.php:430
   â”‚ C:\Users\alexi\Documents\Casden\ascbp-app\vendor\laravel\framework\src\Illuminate\Database\Eloquent\Factories\Factory.php:404
   â”‚ C:\Users\alexi\Documents\Casden\ascbp-app\vendor\laravel\framework\src\Illuminate\Database\Eloquent\Factories\Factory.php:300
   â”‚ C:\Users\alexi\Documents\Casden\ascbp-app\vendor\laravel\framework\src\Illuminate\Database\Eloquent\Factories\Factory.php:297
   â”‚ C:\Users\alexi\Documents\Casden\ascbp-app\tests\Unit\Models\EventTest.php:30
   â”‚
 âœ˜ `Event Model` â†’ it prevents registration when registration is closed
   â”‚
   â”‚ InvalidArgumentException: Unknown format "randomElement"
   â”‚
   â”‚ C:\Users\alexi\Documents\Casden\ascbp-app\vendor\fakerphp\faker\src\Faker\Generator.php:743
   â”‚ C:\Users\alexi\Documents\Casden\ascbp-app\vendor\fakerphp\faker\src\Faker\Generator.php:708
   â”‚ C:\Users\alexi\Documents\Casden\ascbp-app\vendor\fakerphp\faker\src\Faker\Generator.php:973
   â”‚ C:\Users\alexi\Documents\Casden\ascbp-app\database\factories\EventFactory.php:43
   â”‚ C:\Users\alexi\Documents\Casden\ascbp-app\vendor\laravel\framework\src\Illuminate\Database\Eloquent\Factories\Factory.php:468
   â”‚ C:\Users\alexi\Documents\Casden\ascbp-app\vendor\laravel\framework\src\Illuminate\Database\Eloquent\Factories\Factory.php:447
   â”‚ C:\Users\alexi\Documents\Casden\ascbp-app\vendor\laravel\framework\src\Illuminate\Database\Eloquent\Factories\Factory.php:431
   â”‚ C:\Users\alexi\Documents\Casden\ascbp-app\vendor\laravel\framework\src\Illuminate\Database\Eloquent\Concerns\GuardsAttributes.php:155
   â”‚ C:\Users\alexi\Documents\Casden\ascbp-app\vendor\laravel\framework\src\Illuminate\Database\Eloquent\Factories\Factory.php:430
   â”‚ C:\Users\alexi\Documents\Casden\ascbp-app\vendor\laravel\framework\src\Illuminate\Database\Eloquent\Factories\Factory.php:404
   â”‚ C:\Users\alexi\Documents\Casden\ascbp-app\vendor\laravel\framework\src\Illuminate\Database\Eloquent\Factories\Factory.php:300
   â”‚ C:\Users\alexi\Documents\Casden\ascbp-app\vendor\laravel\framework\src\Illuminate\Database\Eloquent\Factories\Factory.php:297
   â”‚ C:\Users\alexi\Documents\Casden\ascbp-app\tests\Unit\Models\EventTest.php:52
   â”‚
 âœ˜ `Event Model` â†’ it prevents registration for non-members on members-only events
   â”‚
   â”‚ InvalidArgumentException: Unknown format "randomElement"
   â”‚
   â”‚ C:\Users\alexi\Documents\Casden\ascbp-app\vendor\fakerphp\faker\src\Faker\Generator.php:743
   â”‚ C:\Users\alexi\Documents\Casden\ascbp-app\vendor\fakerphp\faker\src\Faker\Generator.php:708
   â”‚ C:\Users\alexi\Documents\Casden\ascbp-app\vendor\fakerphp\faker\src\Faker\Generator.php:973
   â”‚ C:\Users\alexi\Documents\Casden\ascbp-app\database\factories\EventFactory.php:43
   â”‚ C:\Users\alexi\Documents\Casden\ascbp-app\vendor\laravel\framework\src\Illuminate\Database\Eloquent\Factories\Factory.php:468
   â”‚ C:\Users\alexi\Documents\Casden\ascbp-app\vendor\laravel\framework\src\Illuminate\Database\Eloquent\Factories\Factory.php:447
   â”‚ C:\Users\alexi\Documents\Casden\ascbp-app\vendor\laravel\framework\src\Illuminate\Database\Eloquent\Factories\Factory.php:431
   â”‚ C:\Users\alexi\Documents\Casden\ascbp-app\vendor\laravel\framework\src\Illuminate\Database\Eloquent\Concerns\GuardsAttributes.php:155
   â”‚ C:\Users\alexi\Documents\Casden\ascbp-app\vendor\laravel\framework\src\Illuminate\Database\Eloquent\Factories\Factory.php:430
   â”‚ C:\Users\alexi\Documents\Casden\ascbp-app\vendor\laravel\framework\src\Illuminate\Database\Eloquent\Factories\Factory.php:404
   â”‚ C:\Users\alexi\Documents\Casden\ascbp-app\vendor\laravel\framework\src\Illuminate\Database\Eloquent\Factories\Factory.php:300
   â”‚ C:\Users\alexi\Documents\Casden\ascbp-app\vendor\laravel\framework\src\Illuminate\Database\Eloquent\Factories\Factory.php:297
   â”‚ C:\Users\alexi\Documents\Casden\ascbp-app\tests\Unit\Models\EventTest.php:64
   â”‚
 âœ˜ `Event Model` â†’ it calculates numeric price correctly
   â”‚
   â”‚ InvalidArgumentException: Unknown format "randomElement"
   â”‚
   â”‚ C:\Users\alexi\Documents\Casden\ascbp-app\vendor\fakerphp\faker\src\Faker\Generator.php:743
   â”‚ C:\Users\alexi\Documents\Casden\ascbp-app\vendor\fakerphp\faker\src\Faker\Generator.php:708
   â”‚ C:\Users\alexi\Documents\Casden\ascbp-app\vendor\fakerphp\faker\src\Faker\Generator.php:973
   â”‚ C:\Users\alexi\Documents\Casden\ascbp-app\database\factories\EventFactory.php:43
   â”‚ C:\Users\alexi\Documents\Casden\ascbp-app\vendor\laravel\framework\src\Illuminate\Database\Eloquent\Factories\Factory.php:468
   â”‚ C:\Users\alexi\Documents\Casden\ascbp-app\vendor\laravel\framework\src\Illuminate\Database\Eloquent\Factories\Factory.php:447
   â”‚ C:\Users\alexi\Documents\Casden\ascbp-app\vendor\laravel\framework\src\Illuminate\Database\Eloquent\Factories\Factory.php:431
   â”‚ C:\Users\alexi\Documents\Casden\ascbp-app\vendor\laravel\framework\src\Illuminate\Database\Eloquent\Concerns\GuardsAttributes.php:155
   â”‚ C:\Users\alexi\Documents\Casden\ascbp-app\vendor\laravel\framework\src\Illuminate\Database\Eloquent\Factories\Factory.php:430
   â”‚ C:\Users\alexi\Documents\Casden\ascbp-app\vendor\laravel\framework\src\Illuminate\Database\Eloquent\Factories\Factory.php:404
   â”‚ C:\Users\alexi\Documents\Casden\ascbp-app\vendor\laravel\framework\src\Illuminate\Database\Eloquent\Factories\Factory.php:300
   â”‚ C:\Users\alexi\Documents\Casden\ascbp-app\vendor\laravel\framework\src\Illuminate\Database\Eloquent\Factories\Factory.php:297
   â”‚ C:\Users\alexi\Documents\Casden\ascbp-app\tests\Unit\Models\EventTest.php:76
   â”‚
 âœ˜ `Event Model` â†’ it checks if event is paid correctly
   â”‚
   â”‚ InvalidArgumentException: Unknown format "randomElement"
   â”‚
   â”‚ C:\Users\alexi\Documents\Casden\ascbp-app\vendor\fakerphp\faker\src\Faker\Generator.php:743
   â”‚ C:\Users\alexi\Documents\Casden\ascbp-app\vendor\fakerphp\faker\src\Faker\Generator.php:708
   â”‚ C:\Users\alexi\Documents\Casden\ascbp-app\vendor\fakerphp\faker\src\Faker\Generator.php:973
   â”‚ C:\Users\alexi\Documents\Casden\ascbp-app\database\factories\EventFactory.php:43
   â”‚ C:\Users\alexi\Documents\Casden\ascbp-app\vendor\laravel\framework\src\Illuminate\Database\Eloquent\Factories\Factory.php:468
   â”‚ C:\Users\alexi\Documents\Casden\ascbp-app\vendor\laravel\framework\src\Illuminate\Database\Eloquent\Factories\Factory.php:447
   â”‚ C:\Users\alexi\Documents\Casden\ascbp-app\vendor\laravel\framework\src\Illuminate\Database\Eloquent\Factories\Factory.php:431
   â”‚ C:\Users\alexi\Documents\Casden\ascbp-app\vendor\laravel\framework\src\Illuminate\Database\Eloquent\Concerns\GuardsAttributes.php:155
   â”‚ C:\Users\alexi\Documents\Casden\ascbp-app\vendor\laravel\framework\src\Illuminate\Database\Eloquent\Factories\Factory.php:430
   â”‚ C:\Users\alexi\Documents\Casden\ascbp-app\vendor\laravel\framework\src\Illuminate\Database\Eloquent\Factories\Factory.php:404
   â”‚ C:\Users\alexi\Documents\Casden\ascbp-app\vendor\laravel\framework\src\Illuminate\Database\Eloquent\Factories\Factory.php:300
   â”‚ C:\Users\alexi\Documents\Casden\ascbp-app\vendor\laravel\framework\src\Illuminate\Database\Eloquent\Factories\Factory.php:297
   â”‚ C:\Users\alexi\Documents\Casden\ascbp-app\tests\Unit\Models\EventTest.php:86
   â”‚
 âœ˜ `Event Model` â†’ it verifies user registration status
   â”‚
   â”‚ InvalidArgumentException: Unknown format "randomElement"
   â”‚
   â”‚ C:\Users\alexi\Documents\Casden\ascbp-app\vendor\fakerphp\faker\src\Faker\Generator.php:743
   â”‚ C:\Users\alexi\Documents\Casden\ascbp-app\vendor\fakerphp\faker\src\Faker\Generator.php:708
   â”‚ C:\Users\alexi\Documents\Casden\ascbp-app\vendor\fakerphp\faker\src\Faker\Generator.php:973
   â”‚ C:\Users\alexi\Documents\Casden\ascbp-app\database\factories\EventFactory.php:43
   â”‚ C:\Users\alexi\Documents\Casden\ascbp-app\vendor\laravel\framework\src\Illuminate\Database\Eloquent\Factories\Factory.php:468
   â”‚ C:\Users\alexi\Documents\Casden\ascbp-app\vendor\laravel\framework\src\Illuminate\Database\Eloquent\Factories\Factory.php:447
   â”‚ C:\Users\alexi\Documents\Casden\ascbp-app\vendor\laravel\framework\src\Illuminate\Database\Eloquent\Factories\Factory.php:431
   â”‚ C:\Users\alexi\Documents\Casden\ascbp-app\vendor\laravel\framework\src\Illuminate\Database\Eloquent\Concerns\GuardsAttributes.php:155
   â”‚ C:\Users\alexi\Documents\Casden\ascbp-app\vendor\laravel\framework\src\Illuminate\Database\Eloquent\Factories\Factory.php:430
   â”‚ C:\Users\alexi\Documents\Casden\ascbp-app\vendor\laravel\framework\src\Illuminate\Database\Eloquent\Factories\Factory.php:404
   â”‚ C:\Users\alexi\Documents\Casden\ascbp-app\vendor\laravel\framework\src\Illuminate\Database\Eloquent\Factories\Factory.php:300
   â”‚ C:\Users\alexi\Documents\Casden\ascbp-app\tests\Unit\Models\EventTest.php:95
   â”‚
 âœ˜ `Event Model` â†’ it counts participants correctly
   â”‚
   â”‚ InvalidArgumentException: Unknown format "randomElement"
   â”‚
   â”‚ C:\Users\alexi\Documents\Casden\ascbp-app\vendor\fakerphp\faker\src\Faker\Generator.php:743
   â”‚ C:\Users\alexi\Documents\Casden\ascbp-app\vendor\fakerphp\faker\src\Faker\Generator.php:708
   â”‚ C:\Users\alexi\Documents\Casden\ascbp-app\vendor\fakerphp\faker\src\Faker\Generator.php:973
   â”‚ C:\Users\alexi\Documents\Casden\ascbp-app\database\factories\EventFactory.php:43
   â”‚ C:\Users\alexi\Documents\Casden\ascbp-app\vendor\laravel\framework\src\Illuminate\Database\Eloquent\Factories\Factory.php:468
   â”‚ C:\Users\alexi\Documents\Casden\ascbp-app\vendor\laravel\framework\src\Illuminate\Database\Eloquent\Factories\Factory.php:447
   â”‚ C:\Users\alexi\Documents\Casden\ascbp-app\vendor\laravel\framework\src\Illuminate\Database\Eloquent\Factories\Factory.php:431
   â”‚ C:\Users\alexi\Documents\Casden\ascbp-app\vendor\laravel\framework\src\Illuminate\Database\Eloquent\Concerns\GuardsAttributes.php:155
   â”‚ C:\Users\alexi\Documents\Casden\ascbp-app\vendor\laravel\framework\src\Illuminate\Database\Eloquent\Factories\Factory.php:430
   â”‚ C:\Users\alexi\Documents\Casden\ascbp-app\vendor\laravel\framework\src\Illuminate\Database\Eloquent\Factories\Factory.php:404
   â”‚ C:\Users\alexi\Documents\Casden\ascbp-app\vendor\laravel\framework\src\Illuminate\Database\Eloquent\Factories\Factory.php:300
   â”‚ C:\Users\alexi\Documents\Casden\ascbp-app\tests\Unit\Models\EventTest.php:110
   â”‚
 âœ˜ `Event Model` â†’ it validates max participants change restrictions
   â”‚
   â”‚ InvalidArgumentException: Unknown format "randomElement"
   â”‚
   â”‚ C:\Users\alexi\Documents\Casden\ascbp-app\vendor\fakerphp\faker\src\Faker\Generator.php:743
   â”‚ C:\Users\alexi\Documents\Casden\ascbp-app\vendor\fakerphp\faker\src\Faker\Generator.php:708
   â”‚ C:\Users\alexi\Documents\Casden\ascbp-app\vendor\fakerphp\faker\src\Faker\Generator.php:973
   â”‚ C:\Users\alexi\Documents\Casden\ascbp-app\database\factories\EventFactory.php:43
   â”‚ C:\Users\alexi\Documents\Casden\ascbp-app\vendor\laravel\framework\src\Illuminate\Database\Eloquent\Factories\Factory.php:468
   â”‚ C:\Users\alexi\Documents\Casden\ascbp-app\vendor\laravel\framework\src\Illuminate\Database\Eloquent\Factories\Factory.php:447
   â”‚ C:\Users\alexi\Documents\Casden\ascbp-app\vendor\laravel\framework\src\Illuminate\Database\Eloquent\Factories\Factory.php:431
   â”‚ C:\Users\alexi\Documents\Casden\ascbp-app\vendor\laravel\framework\src\Illuminate\Database\Eloquent\Concerns\GuardsAttributes.php:155
   â”‚ C:\Users\alexi\Documents\Casden\ascbp-app\vendor\laravel\framework\src\Illuminate\Database\Eloquent\Factories\Factory.php:430
   â”‚ C:\Users\alexi\Documents\Casden\ascbp-app\vendor\laravel\framework\src\Illuminate\Database\Eloquent\Factories\Factory.php:404
   â”‚ C:\Users\alexi\Documents\Casden\ascbp-app\vendor\laravel\framework\src\Illuminate\Database\Eloquent\Factories\Factory.php:300
   â”‚ C:\Users\alexi\Documents\Casden\ascbp-app\vendor\laravel\framework\src\Illuminate\Database\Eloquent\Factories\Factory.php:297
   â”‚ C:\Users\alexi\Documents\Casden\ascbp-app\tests\Unit\Models\EventTest.php:126
   â”‚

C:\Users\alexi\Documents\Casden\ascbp-app\tests\Unit\Models\UserTest.php
 âœ˜ `User Model` â†’ it calculates membership status correctly for active member
   â”‚
   â”‚ InvalidArgumentException: Unknown format "randomElement"
   â”‚
   â”‚ C:\Users\alexi\Documents\Casden\ascbp-app\vendor\fakerphp\faker\src\Faker\Generator.php:743
   â”‚ C:\Users\alexi\Documents\Casden\ascbp-app\vendor\fakerphp\faker\src\Faker\Generator.php:708
   â”‚ C:\Users\alexi\Documents\Casden\ascbp-app\vendor\fakerphp\faker\src\Faker\Generator.php:973
   â”‚ C:\Users\alexi\Documents\Casden\ascbp-app\database\factories\UserFactory.php:74
   â”‚ C:\Users\alexi\Documents\Casden\ascbp-app\vendor\laravel\framework\src\Illuminate\Database\Eloquent\Factories\Factory.php:468
   â”‚ C:\Users\alexi\Documents\Casden\ascbp-app\vendor\laravel\framework\src\Illuminate\Database\Eloquent\Factories\Factory.php:447
   â”‚ C:\Users\alexi\Documents\Casden\ascbp-app\vendor\laravel\framework\src\Illuminate\Database\Eloquent\Factories\Factory.php:431
   â”‚ C:\Users\alexi\Documents\Casden\ascbp-app\vendor\laravel\framework\src\Illuminate\Database\Eloquent\Concerns\GuardsAttributes.php:155
   â”‚ C:\Users\alexi\Documents\Casden\ascbp-app\vendor\laravel\framework\src\Illuminate\Database\Eloquent\Factories\Factory.php:430
   â”‚ C:\Users\alexi\Documents\Casden\ascbp-app\vendor\laravel\framework\src\Illuminate\Database\Eloquent\Factories\Factory.php:404
   â”‚ C:\Users\alexi\Documents\Casden\ascbp-app\vendor\laravel\framework\src\Illuminate\Database\Eloquent\Factories\Factory.php:300
   â”‚ C:\Users\alexi\Documents\Casden\ascbp-app\tests\Unit\Models\UserTest.php:12
   â”‚
 âœ˜ `User Model` â†’ it calculates membership status correctly for expired member
   â”‚
   â”‚ InvalidArgumentException: Unknown format "randomElement"
   â”‚
   â”‚ C:\Users\alexi\Documents\Casden\ascbp-app\vendor\fakerphp\faker\src\Faker\Generator.php:743
   â”‚ C:\Users\alexi\Documents\Casden\ascbp-app\vendor\fakerphp\faker\src\Faker\Generator.php:708
   â”‚ C:\Users\alexi\Documents\Casden\ascbp-app\vendor\fakerphp\faker\src\Faker\Generator.php:973
   â”‚ C:\Users\alexi\Documents\Casden\ascbp-app\database\factories\UserFactory.php:74
   â”‚ C:\Users\alexi\Documents\Casden\ascbp-app\vendor\laravel\framework\src\Illuminate\Database\Eloquent\Factories\Factory.php:468
   â”‚ C:\Users\alexi\Documents\Casden\ascbp-app\vendor\laravel\framework\src\Illuminate\Database\Eloquent\Factories\Factory.php:447
   â”‚ C:\Users\alexi\Documents\Casden\ascbp-app\vendor\laravel\framework\src\Illuminate\Database\Eloquent\Factories\Factory.php:431
   â”‚ C:\Users\alexi\Documents\Casden\ascbp-app\vendor\laravel\framework\src\Illuminate\Database\Eloquent\Concerns\GuardsAttributes.php:155
   â”‚ C:\Users\alexi\Documents\Casden\ascbp-app\vendor\laravel\framework\src\Illuminate\Database\Eloquent\Factories\Factory.php:430
   â”‚ C:\Users\alexi\Documents\Casden\ascbp-app\vendor\laravel\framework\src\Illuminate\Database\Eloquent\Factories\Factory.php:404
   â”‚ C:\Users\alexi\Documents\Casden\ascbp-app\vendor\laravel\framework\src\Illuminate\Database\Eloquent\Factories\Factory.php:300
   â”‚ C:\Users\alexi\Documents\Casden\ascbp-app\tests\Unit\Models\UserTest.php:26
   â”‚
 âœ˜ `User Model` â†’ it calculates membership status correctly for former member
   â”‚
   â”‚ InvalidArgumentException: Unknown format "randomElement"
   â”‚
   â”‚ C:\Users\alexi\Documents\Casden\ascbp-app\vendor\fakerphp\faker\src\Faker\Generator.php:743
   â”‚ C:\Users\alexi\Documents\Casden\ascbp-app\vendor\fakerphp\faker\src\Faker\Generator.php:708
   â”‚ C:\Users\alexi\Documents\Casden\ascbp-app\vendor\fakerphp\faker\src\Faker\Generator.php:973
   â”‚ C:\Users\alexi\Documents\Casden\ascbp-app\database\factories\UserFactory.php:74
   â”‚ C:\Users\alexi\Documents\Casden\ascbp-app\vendor\laravel\framework\src\Illuminate\Database\Eloquent\Factories\Factory.php:468
   â”‚ C:\Users\alexi\Documents\Casden\ascbp-app\vendor\laravel\framework\src\Illuminate\Database\Eloquent\Factories\Factory.php:447
   â”‚ C:\Users\alexi\Documents\Casden\ascbp-app\vendor\laravel\framework\src\Illuminate\Database\Eloquent\Factories\Factory.php:431
   â”‚ C:\Users\alexi\Documents\Casden\ascbp-app\vendor\laravel\framework\src\Illuminate\Database\Eloquent\Concerns\GuardsAttributes.php:155
   â”‚ C:\Users\alexi\Documents\Casden\ascbp-app\vendor\laravel\framework\src\Illuminate\Database\Eloquent\Factories\Factory.php:430
   â”‚ C:\Users\alexi\Documents\Casden\ascbp-app\vendor\laravel\framework\src\Illuminate\Database\Eloquent\Factories\Factory.php:404
   â”‚ C:\Users\alexi\Documents\Casden\ascbp-app\vendor\laravel\framework\src\Illuminate\Database\Eloquent\Factories\Factory.php:300
   â”‚ C:\Users\alexi\Documents\Casden\ascbp-app\tests\Unit\Models\UserTest.php:40
   â”‚
 âœ˜ `User Model` â†’ it checks admin permissions correctly
   â”‚
   â”‚ InvalidArgumentException: Unknown format "randomElement"
   â”‚
   â”‚ C:\Users\alexi\Documents\Casden\ascbp-app\vendor\fakerphp\faker\src\Faker\Generator.php:743
   â”‚ C:\Users\alexi\Documents\Casden\ascbp-app\vendor\fakerphp\faker\src\Faker\Generator.php:708
   â”‚ C:\Users\alexi\Documents\Casden\ascbp-app\vendor\fakerphp\faker\src\Faker\Generator.php:973
   â”‚ C:\Users\alexi\Documents\Casden\ascbp-app\database\factories\UserFactory.php:74
   â”‚ C:\Users\alexi\Documents\Casden\ascbp-app\vendor\laravel\framework\src\Illuminate\Database\Eloquent\Factories\Factory.php:468
   â”‚ C:\Users\alexi\Documents\Casden\ascbp-app\vendor\laravel\framework\src\Illuminate\Database\Eloquent\Factories\Factory.php:447
   â”‚ C:\Users\alexi\Documents\Casden\ascbp-app\vendor\laravel\framework\src\Illuminate\Database\Eloquent\Factories\Factory.php:431
   â”‚ C:\Users\alexi\Documents\Casden\ascbp-app\vendor\laravel\framework\src\Illuminate\Database\Eloquent\Concerns\GuardsAttributes.php:155
   â”‚ C:\Users\alexi\Documents\Casden\ascbp-app\vendor\laravel\framework\src\Illuminate\Database\Eloquent\Factories\Factory.php:430
   â”‚ C:\Users\alexi\Documents\Casden\ascbp-app\vendor\laravel\framework\src\Illuminate\Database\Eloquent\Factories\Factory.php:404
   â”‚ C:\Users\alexi\Documents\Casden\ascbp-app\vendor\laravel\framework\src\Illuminate\Database\Eloquent\Factories\Factory.php:300
   â”‚ C:\Users\alexi\Documents\Casden\ascbp-app\tests\Unit\Models\UserTest.php:53
   â”‚
 âœ˜ `User Model` â†’ it calculates membership time left correctly
   â”‚
   â”‚ InvalidArgumentException: Unknown format "randomElement"
   â”‚
   â”‚ C:\Users\alexi\Documents\Casden\ascbp-app\vendor\fakerphp\faker\src\Faker\Generator.php:743
   â”‚ C:\Users\alexi\Documents\Casden\ascbp-app\vendor\fakerphp\faker\src\Faker\Generator.php:708
   â”‚ C:\Users\alexi\Documents\Casden\ascbp-app\vendor\fakerphp\faker\src\Faker\Generator.php:973
   â”‚ C:\Users\alexi\Documents\Casden\ascbp-app\database\factories\UserFactory.php:74
   â”‚ C:\Users\alexi\Documents\Casden\ascbp-app\vendor\laravel\framework\src\Illuminate\Database\Eloquent\Factories\Factory.php:468
   â”‚ C:\Users\alexi\Documents\Casden\ascbp-app\vendor\laravel\framework\src\Illuminate\Database\Eloquent\Factories\Factory.php:447
   â”‚ C:\Users\alexi\Documents\Casden\ascbp-app\vendor\laravel\framework\src\Illuminate\Database\Eloquent\Factories\Factory.php:431
   â”‚ C:\Users\alexi\Documents\Casden\ascbp-app\vendor\laravel\framework\src\Illuminate\Database\Eloquent\Concerns\GuardsAttributes.php:155
   â”‚ C:\Users\alexi\Documents\Casden\ascbp-app\vendor\laravel\framework\src\Illuminate\Database\Eloquent\Factories\Factory.php:430
   â”‚ C:\Users\alexi\Documents\Casden\ascbp-app\vendor\laravel\framework\src\Illuminate\Database\Eloquent\Factories\Factory.php:404
   â”‚ C:\Users\alexi\Documents\Casden\ascbp-app\vendor\laravel\framework\src\Illuminate\Database\Eloquent\Factories\Factory.php:300
   â”‚ C:\Users\alexi\Documents\Casden\ascbp-app\tests\Unit\Models\UserTest.php:71
   â”‚
 âœ˜ `User Model` â†’ it handles user without membership correctly
   â”‚
   â”‚ InvalidArgumentException: Unknown format "randomElement"
   â”‚
   â”‚ C:\Users\alexi\Documents\Casden\ascbp-app\vendor\fakerphp\faker\src\Faker\Generator.php:743
   â”‚ C:\Users\alexi\Documents\Casden\ascbp-app\vendor\fakerphp\faker\src\Faker\Generator.php:708
   â”‚ C:\Users\alexi\Documents\Casden\ascbp-app\vendor\fakerphp\faker\src\Faker\Generator.php:973
   â”‚ C:\Users\alexi\Documents\Casden\ascbp-app\database\factories\UserFactory.php:74
   â”‚ C:\Users\alexi\Documents\Casden\ascbp-app\vendor\laravel\framework\src\Illuminate\Database\Eloquent\Factories\Factory.php:468
   â”‚ C:\Users\alexi\Documents\Casden\ascbp-app\vendor\laravel\framework\src\Illuminate\Database\Eloquent\Factories\Factory.php:447
   â”‚ C:\Users\alexi\Documents\Casden\ascbp-app\vendor\laravel\framework\src\Illuminate\Database\Eloquent\Factories\Factory.php:431
   â”‚ C:\Users\alexi\Documents\Casden\ascbp-app\vendor\laravel\framework\src\Illuminate\Database\Eloquent\Concerns\GuardsAttributes.php:155
   â”‚ C:\Users\alexi\Documents\Casden\ascbp-app\vendor\laravel\framework\src\Illuminate\Database\Eloquent\Factories\Factory.php:430
   â”‚ C:\Users\alexi\Documents\Casden\ascbp-app\vendor\laravel\framework\src\Illuminate\Database\Eloquent\Factories\Factory.php:404
   â”‚ C:\Users\alexi\Documents\Casden\ascbp-app\vendor\laravel\framework\src\Illuminate\Database\Eloquent\Factories\Factory.php:300
   â”‚ C:\Users\alexi\Documents\Casden\ascbp-app\tests\Unit\Models\UserTest.php:88
   â”‚

There were 2 PHPUnit test runner warnings:

1) Test results may not be as expected because the XML configuration file did not pass validation:

  Line 70:
  - Element 'coverage', attribute 'processUncoveredFiles': The attribute 'processUncoveredFiles' is not allowed.

  Line 71:
  - Element 'include': This element is not expected.


2) No code coverage driver available

ERRORS!
Tests: 65, Assertions: 94, Errors: 21, Failures: 7, Warnings: 2.
