
  [30;43;1m WARN [39;49;22m Test results may not be as expected because the XML configuration file did not pass validation:

  Line 70:
  - Element 'coverage', attribute 'processUncoveredFiles': The attribute 'processUncoveredFiles' is not allowed.

  Line 71:
  - Element 'include': This element is not expected.


   WARN  No code coverage driver available

   FAIL  Tests\Unit\Models\UserTest
  â¨¯ User Model â†’ it calculates membership status correctly for expired member                                                                                    0.04s  
  â¨¯ User Model â†’ it handles user without membership correctly
  â¨¯ User Model â†’ it calculates membership time left correctly
  â¨¯ User Model â†’ it checks admin permissions correctly
  â¨¯ User Model â†’ it calculates membership status correctly for former member
  â¨¯ User Model â†’ it calculates membership status correctly for active member

   FAIL  Tests\Unit\Models\EventTest
  â¨¯ Event Model â†’ it calculates numeric price correctly                                                                                                          0.01s  
  â¨¯ Event Model â†’ it checks if event is paid correctly
  â¨¯ Event Model â†’ it prevents registration for non-members on members-only events
  â¨¯ Event Model â†’ it checks if user can register when everything is valid                                                                                        0.02s  
  â¨¯ Event Model â†’ it prevents registration when registration is closed
  â¨¯ Event Model â†’ it prevents registration when event is full
  â¨¯ Event Model â†’ it validates max participants change restrictions
  â¨¯ Event Model â†’ it verifies user registration status
  â¨¯ Event Model â†’ it counts participants correctly

   PASS  Tests\Unit\ExampleTest
  âœ“ that true is true                                                                                                                                            0.01s  

   FAIL  Tests\Feature\ProfileTest
  â¨¯ email verification status is unchanged when the email address is unchanged                                                                                   2.12s  
  âœ“ profile page is displayed                                                                                                                                    0.05s  
  â¨¯ user can delete their account                                                                                                                                0.92s  
  â¨¯ correct password must be provided to delete account                                                                                                          0.91s  
  â¨¯ profile information can be updated                                                                                                                           0.93s  

   PASS  Tests\Feature\ProfileDeleteTest
  âœ“ example                                                                                                                                                      0.02s  

   PASS  Tests\Feature\EventManagementTest
  âœ“ example                                                                                                                                                      0.02s  

   FAIL  Tests\Feature\Events\EventRegistrationTest
  âœ“ Event Registration Integration â†’ it handles event unregistration correctly                                                                                   0.02s  
  â¨¯ Event Registration Integration â†’ it validates registration data correctly                                                                                    0.02s  
  âœ“ Event Registration Integration â†’ it requires authentication for registration                                                                                 0.02s  
  â¨¯ Event Registration Integration â†’ it allows members-only registration for valid members                                                                       0.03s  
  âœ“ Event Registration Integration â†’ it prevents registration when event is full                                                                                 0.02s  
  â¨¯ Event Registration Integration â†’ it allows valid user registration                                                                                           0.03s  
  âœ“ Event Registration Integration â†’ it enforces members-only restriction                                                                                        0.02s  
  âœ“ Event Registration Integration â†’ it prevents double registration                                                                                             0.02s  

   PASS  Tests\Feature\AdminDashboardTest
  âœ“ example                                                                                                                                                      0.02s  

   PASS  Tests\Feature\CertificateUploadTest
  âœ“ example                                                                                                                                                      0.02s  

   PASS  Tests\Feature\Auth\PasswordResetTest
  âœ“ password can be reset with valid token                                                                                                                       0.13s  
  âœ“ reset password link screen can be rendered                                                                                                                   0.02s  
  âœ“ reset password link can be requested                                                                                                                         0.05s  
  âœ“ reset password screen can be rendered                                                                                                                        0.05s  

   PASS  Tests\Feature\ExampleTest
  âœ“ it returns a successful response                                                                                                                             0.02s  

   FAIL  Tests\Feature\Articles\ArticleLifecycleTest
  â¨¯ Article Complete Lifecycle â†’ it completes full article creation workflow with image
  â¨¯ Article Complete Lifecycle â†’ it enforces permission restrictions correctly
  â¨¯ Article Complete Lifecycle â†’ it handles article viewing and statistics
  â¨¯ Article Complete Lifecycle â†’ it handles article moderation workflow
  â¨¯ Article Complete Lifecycle â†’ it handles article deletion with cleanup
  â¨¯ Article Complete Lifecycle â†’ it processes article interactions (likes and comments)

   PASS  Tests\Feature\Auth\AuthenticationTest
  âœ“ users can logout                                                                                                                                             0.02s  
  âœ“ login screen can be rendered                                                                                                                                 0.02s  
  âœ“ users can not authenticate with invalid password                                                                                                             0.23s  
  âœ“ users can authenticate using the login screen                                                                                                                0.05s  

   PASS  Tests\Feature\ProfileUpdateTest
  âœ“ example                                                                                                                                                      0.02s  

   PASS  Tests\Feature\Auth\EmailVerificationTest
  âœ“ email can be verified                                                                                                                                        0.02s  
  âœ“ email is not verified with invalid hash                                                                                                                      0.03s  
  âœ“ email verification screen can be rendered                                                                                                                    0.02s  

   PASS  Tests\Feature\Auth\PasswordConfirmationTest
  âœ“ confirm password screen can be rendered                                                                                                                      0.03s  
  âœ“ password is not confirmed with invalid password                                                                                                              0.24s  
  âœ“ password can be confirmed                                                                                                                                    0.04s  

   PASS  Tests\Feature\AdminUserManagementTest
  âœ“ example                                                                                                                                                      0.02s  

   PASS  Tests\Feature\PhotoUploadTest
  âœ“ it rejects invalid profile picture (exe file)                                                                                                                0.03s  
  âœ“ it rejects a second upload of the same profile picture                                                                                                       0.04s  
  âœ“ it stores valid profile picture                                                                                                                              0.03s  

   PASS  Tests\Feature\CertificateLinkTest
  âœ“ example                                                                                                                                                      0.03s  

   PASS  Tests\Feature\Auth\RegistrationTest
  âœ“ registration screen can be rendered                                                                                                                          0.02s  
  âœ“ new users can register                                                                                                                                       0.04s  

   PASS  Tests\Feature\Auth\PasswordUpdateTest
  âœ“ correct password must be provided to update password                                                                                                         0.04s  
  âœ“ password can be updated                                                                                                                                      0.09s  

   PASS  Tests\Feature\UserDashboardTest
  âœ“ example                                                                                                                                                      0.02s  
  â”€â”€â”€â”€â”€â”€â”€â”€â”€â”€â”€â”€â”€â”€â”€â”€â”€â”€â”€â”€â”€â”€â”€â”€â”€â”€â”€â”€â”€â”€â”€â”€â”€â”€â”€â”€â”€â”€â”€â”€â”€â”€â”€â”€â”€â”€â”€â”€â”€â”€â”€â”€â”€â”€â”€â”€â”€â”€â”€â”€â”€â”€â”€â”€â”€â”€â”€â”€â”€â”€â”€â”€â”€â”€â”€â”€â”€â”€â”€â”€â”€â”€â”€â”€â”€â”€â”€â”€â”€â”€â”€â”€â”€â”€â”€â”€â”€â”€â”€â”€â”€â”€â”€â”€â”€â”€â”€â”€â”€â”€â”€â”€â”€â”€â”€â”€â”€â”€â”€â”€â”€â”€â”€â”€â”€â”€â”€â”€â”€â”€â”€â”€â”€â”€â”€â”€â”€â”€â”€â”€â”€â”€â”€â”€â”€â”€â”€â”€â”€â”€â”€â”€â”€â”€â”€â”€â”€â”€â”€â”€â”€â”€â”€â”€  
   FAILED  Tests\Unit\Models\UserTest > `User Model` â†’ it calculates membership status correctly for expired member                          InvalidArgumentException   
  Unknown format "randomElement"

  at vendor\fakerphp\faker\src\Faker\Generator.php:743
    739â–•                 return $this->formatters[$format];
    740â–•             }
    741â–•         }
    742â–• 
  âžœ 743â–•         throw new \InvalidArgumentException(sprintf('Unknown format "%s"', $format));
    744â–•     }
    745â–• 
    746â–•     /**
    747â–•      * Replaces tokens ('{{ tokenName }}') with the result from the token method call

  1   vendor\fakerphp\faker\src\Faker\Generator.php:743
  2   vendor\fakerphp\faker\src\Faker\Generator.php:708

  â”€â”€â”€â”€â”€â”€â”€â”€â”€â”€â”€â”€â”€â”€â”€â”€â”€â”€â”€â”€â”€â”€â”€â”€â”€â”€â”€â”€â”€â”€â”€â”€â”€â”€â”€â”€â”€â”€â”€â”€â”€â”€â”€â”€â”€â”€â”€â”€â”€â”€â”€â”€â”€â”€â”€â”€â”€â”€â”€â”€â”€â”€â”€â”€â”€â”€â”€â”€â”€â”€â”€â”€â”€â”€â”€â”€â”€â”€â”€â”€â”€â”€â”€â”€â”€â”€â”€â”€â”€â”€â”€â”€â”€â”€â”€â”€â”€â”€â”€â”€â”€â”€â”€â”€â”€â”€â”€â”€â”€â”€â”€â”€â”€â”€â”€â”€â”€â”€â”€â”€â”€â”€â”€â”€â”€â”€â”€â”€â”€â”€â”€â”€â”€â”€â”€â”€â”€â”€â”€â”€â”€â”€â”€â”€â”€â”€â”€â”€â”€â”€â”€â”€â”€â”€â”€â”€â”€â”€â”€â”€â”€â”€â”€â”€  
   FAILED  Tests\Unit\Models\UserTest > `User Model` â†’ it handles user without membership correctly                                          InvalidArgumentException   
  Unknown format "randomElement"

  at vendor\fakerphp\faker\src\Faker\Generator.php:743
    739â–•                 return $this->formatters[$format];
    740â–•             }
    741â–•         }
    742â–• 
  âžœ 743â–•         throw new \InvalidArgumentException(sprintf('Unknown format "%s"', $format));
    744â–•     }
    745â–• 
    746â–•     /**
    747â–•      * Replaces tokens ('{{ tokenName }}') with the result from the token method call

  1   vendor\fakerphp\faker\src\Faker\Generator.php:743
  2   vendor\fakerphp\faker\src\Faker\Generator.php:708

  â”€â”€â”€â”€â”€â”€â”€â”€â”€â”€â”€â”€â”€â”€â”€â”€â”€â”€â”€â”€â”€â”€â”€â”€â”€â”€â”€â”€â”€â”€â”€â”€â”€â”€â”€â”€â”€â”€â”€â”€â”€â”€â”€â”€â”€â”€â”€â”€â”€â”€â”€â”€â”€â”€â”€â”€â”€â”€â”€â”€â”€â”€â”€â”€â”€â”€â”€â”€â”€â”€â”€â”€â”€â”€â”€â”€â”€â”€â”€â”€â”€â”€â”€â”€â”€â”€â”€â”€â”€â”€â”€â”€â”€â”€â”€â”€â”€â”€â”€â”€â”€â”€â”€â”€â”€â”€â”€â”€â”€â”€â”€â”€â”€â”€â”€â”€â”€â”€â”€â”€â”€â”€â”€â”€â”€â”€â”€â”€â”€â”€â”€â”€â”€â”€â”€â”€â”€â”€â”€â”€â”€â”€â”€â”€â”€â”€â”€â”€â”€â”€â”€â”€â”€â”€â”€â”€â”€â”€â”€â”€â”€â”€â”€â”€  
   FAILED  Tests\Unit\Models\UserTest > `User Model` â†’ it calculates membership time left correctly                                          InvalidArgumentException   
  Unknown format "randomElement"

  at vendor\fakerphp\faker\src\Faker\Generator.php:743
    739â–•                 return $this->formatters[$format];
    740â–•             }
    741â–•         }
    742â–• 
  âžœ 743â–•         throw new \InvalidArgumentException(sprintf('Unknown format "%s"', $format));
    744â–•     }
    745â–• 
    746â–•     /**
    747â–•      * Replaces tokens ('{{ tokenName }}') with the result from the token method call

  1   vendor\fakerphp\faker\src\Faker\Generator.php:743
  2   vendor\fakerphp\faker\src\Faker\Generator.php:708

  â”€â”€â”€â”€â”€â”€â”€â”€â”€â”€â”€â”€â”€â”€â”€â”€â”€â”€â”€â”€â”€â”€â”€â”€â”€â”€â”€â”€â”€â”€â”€â”€â”€â”€â”€â”€â”€â”€â”€â”€â”€â”€â”€â”€â”€â”€â”€â”€â”€â”€â”€â”€â”€â”€â”€â”€â”€â”€â”€â”€â”€â”€â”€â”€â”€â”€â”€â”€â”€â”€â”€â”€â”€â”€â”€â”€â”€â”€â”€â”€â”€â”€â”€â”€â”€â”€â”€â”€â”€â”€â”€â”€â”€â”€â”€â”€â”€â”€â”€â”€â”€â”€â”€â”€â”€â”€â”€â”€â”€â”€â”€â”€â”€â”€â”€â”€â”€â”€â”€â”€â”€â”€â”€â”€â”€â”€â”€â”€â”€â”€â”€â”€â”€â”€â”€â”€â”€â”€â”€â”€â”€â”€â”€â”€â”€â”€â”€â”€â”€â”€â”€â”€â”€â”€â”€â”€â”€â”€â”€â”€â”€â”€â”€â”€  
   FAILED  Tests\Unit\Models\UserTest > `User Model` â†’ it checks admin permissions correctly                                                 InvalidArgumentException   
  Unknown format "randomElement"

  at vendor\fakerphp\faker\src\Faker\Generator.php:743
    739â–•                 return $this->formatters[$format];
    740â–•             }
    741â–•         }
    742â–• 
  âžœ 743â–•         throw new \InvalidArgumentException(sprintf('Unknown format "%s"', $format));
    744â–•     }
    745â–• 
    746â–•     /**
    747â–•      * Replaces tokens ('{{ tokenName }}') with the result from the token method call

  1   vendor\fakerphp\faker\src\Faker\Generator.php:743
  2   vendor\fakerphp\faker\src\Faker\Generator.php:708

  â”€â”€â”€â”€â”€â”€â”€â”€â”€â”€â”€â”€â”€â”€â”€â”€â”€â”€â”€â”€â”€â”€â”€â”€â”€â”€â”€â”€â”€â”€â”€â”€â”€â”€â”€â”€â”€â”€â”€â”€â”€â”€â”€â”€â”€â”€â”€â”€â”€â”€â”€â”€â”€â”€â”€â”€â”€â”€â”€â”€â”€â”€â”€â”€â”€â”€â”€â”€â”€â”€â”€â”€â”€â”€â”€â”€â”€â”€â”€â”€â”€â”€â”€â”€â”€â”€â”€â”€â”€â”€â”€â”€â”€â”€â”€â”€â”€â”€â”€â”€â”€â”€â”€â”€â”€â”€â”€â”€â”€â”€â”€â”€â”€â”€â”€â”€â”€â”€â”€â”€â”€â”€â”€â”€â”€â”€â”€â”€â”€â”€â”€â”€â”€â”€â”€â”€â”€â”€â”€â”€â”€â”€â”€â”€â”€â”€â”€â”€â”€â”€â”€â”€â”€â”€â”€â”€â”€â”€â”€â”€â”€â”€â”€â”€  
   FAILED  Tests\Unit\Models\UserTest > `User Model` â†’ it calculates membership status correctly for former member                           InvalidArgumentException   
  Unknown format "randomElement"

  at vendor\fakerphp\faker\src\Faker\Generator.php:743
    739â–•                 return $this->formatters[$format];
    740â–•             }
    741â–•         }
    742â–• 
  âžœ 743â–•         throw new \InvalidArgumentException(sprintf('Unknown format "%s"', $format));
    744â–•     }
    745â–• 
    746â–•     /**
    747â–•      * Replaces tokens ('{{ tokenName }}') with the result from the token method call

  1   vendor\fakerphp\faker\src\Faker\Generator.php:743
  2   vendor\fakerphp\faker\src\Faker\Generator.php:708

  â”€â”€â”€â”€â”€â”€â”€â”€â”€â”€â”€â”€â”€â”€â”€â”€â”€â”€â”€â”€â”€â”€â”€â”€â”€â”€â”€â”€â”€â”€â”€â”€â”€â”€â”€â”€â”€â”€â”€â”€â”€â”€â”€â”€â”€â”€â”€â”€â”€â”€â”€â”€â”€â”€â”€â”€â”€â”€â”€â”€â”€â”€â”€â”€â”€â”€â”€â”€â”€â”€â”€â”€â”€â”€â”€â”€â”€â”€â”€â”€â”€â”€â”€â”€â”€â”€â”€â”€â”€â”€â”€â”€â”€â”€â”€â”€â”€â”€â”€â”€â”€â”€â”€â”€â”€â”€â”€â”€â”€â”€â”€â”€â”€â”€â”€â”€â”€â”€â”€â”€â”€â”€â”€â”€â”€â”€â”€â”€â”€â”€â”€â”€â”€â”€â”€â”€â”€â”€â”€â”€â”€â”€â”€â”€â”€â”€â”€â”€â”€â”€â”€â”€â”€â”€â”€â”€â”€â”€â”€â”€â”€â”€â”€â”€  
   FAILED  Tests\Unit\Models\UserTest > `User Model` â†’ it calculates membership status correctly for active member                           InvalidArgumentException   
  Unknown format "randomElement"

  at vendor\fakerphp\faker\src\Faker\Generator.php:743
    739â–•                 return $this->formatters[$format];
    740â–•             }
    741â–•         }
    742â–• 
  âžœ 743â–•         throw new \InvalidArgumentException(sprintf('Unknown format "%s"', $format));
    744â–•     }
    745â–• 
    746â–•     /**
    747â–•      * Replaces tokens ('{{ tokenName }}') with the result from the token method call

  1   vendor\fakerphp\faker\src\Faker\Generator.php:743
  2   vendor\fakerphp\faker\src\Faker\Generator.php:708

  â”€â”€â”€â”€â”€â”€â”€â”€â”€â”€â”€â”€â”€â”€â”€â”€â”€â”€â”€â”€â”€â”€â”€â”€â”€â”€â”€â”€â”€â”€â”€â”€â”€â”€â”€â”€â”€â”€â”€â”€â”€â”€â”€â”€â”€â”€â”€â”€â”€â”€â”€â”€â”€â”€â”€â”€â”€â”€â”€â”€â”€â”€â”€â”€â”€â”€â”€â”€â”€â”€â”€â”€â”€â”€â”€â”€â”€â”€â”€â”€â”€â”€â”€â”€â”€â”€â”€â”€â”€â”€â”€â”€â”€â”€â”€â”€â”€â”€â”€â”€â”€â”€â”€â”€â”€â”€â”€â”€â”€â”€â”€â”€â”€â”€â”€â”€â”€â”€â”€â”€â”€â”€â”€â”€â”€â”€â”€â”€â”€â”€â”€â”€â”€â”€â”€â”€â”€â”€â”€â”€â”€â”€â”€â”€â”€â”€â”€â”€â”€â”€â”€â”€â”€â”€â”€â”€â”€â”€â”€â”€â”€â”€â”€â”€  
   FAILED  Tests\Unit\Models\EventTest > `Event Model` â†’ it calculates numeric price correctly                                               InvalidArgumentException   
  Unknown format "randomElement"

  at vendor\fakerphp\faker\src\Faker\Generator.php:743
    739â–•                 return $this->formatters[$format];
    740â–•             }
    741â–•         }
    742â–• 
  âžœ 743â–•         throw new \InvalidArgumentException(sprintf('Unknown format "%s"', $format));
    744â–•     }
    745â–• 
    746â–•     /**
    747â–•      * Replaces tokens ('{{ tokenName }}') with the result from the token method call

  1   vendor\fakerphp\faker\src\Faker\Generator.php:743
  2   vendor\fakerphp\faker\src\Faker\Generator.php:708

  â”€â”€â”€â”€â”€â”€â”€â”€â”€â”€â”€â”€â”€â”€â”€â”€â”€â”€â”€â”€â”€â”€â”€â”€â”€â”€â”€â”€â”€â”€â”€â”€â”€â”€â”€â”€â”€â”€â”€â”€â”€â”€â”€â”€â”€â”€â”€â”€â”€â”€â”€â”€â”€â”€â”€â”€â”€â”€â”€â”€â”€â”€â”€â”€â”€â”€â”€â”€â”€â”€â”€â”€â”€â”€â”€â”€â”€â”€â”€â”€â”€â”€â”€â”€â”€â”€â”€â”€â”€â”€â”€â”€â”€â”€â”€â”€â”€â”€â”€â”€â”€â”€â”€â”€â”€â”€â”€â”€â”€â”€â”€â”€â”€â”€â”€â”€â”€â”€â”€â”€â”€â”€â”€â”€â”€â”€â”€â”€â”€â”€â”€â”€â”€â”€â”€â”€â”€â”€â”€â”€â”€â”€â”€â”€â”€â”€â”€â”€â”€â”€â”€â”€â”€â”€â”€â”€â”€â”€â”€â”€â”€â”€â”€â”€  
   FAILED  Tests\Unit\Models\EventTest > `Event Model` â†’ it checks if event is paid correctly                                                InvalidArgumentException   
  Unknown format "randomElement"

  at vendor\fakerphp\faker\src\Faker\Generator.php:743
    739â–•                 return $this->formatters[$format];
    740â–•             }
    741â–•         }
    742â–• 
  âžœ 743â–•         throw new \InvalidArgumentException(sprintf('Unknown format "%s"', $format));
    744â–•     }
    745â–• 
    746â–•     /**
    747â–•      * Replaces tokens ('{{ tokenName }}') with the result from the token method call

  1   vendor\fakerphp\faker\src\Faker\Generator.php:743
  2   vendor\fakerphp\faker\src\Faker\Generator.php:708

  â”€â”€â”€â”€â”€â”€â”€â”€â”€â”€â”€â”€â”€â”€â”€â”€â”€â”€â”€â”€â”€â”€â”€â”€â”€â”€â”€â”€â”€â”€â”€â”€â”€â”€â”€â”€â”€â”€â”€â”€â”€â”€â”€â”€â”€â”€â”€â”€â”€â”€â”€â”€â”€â”€â”€â”€â”€â”€â”€â”€â”€â”€â”€â”€â”€â”€â”€â”€â”€â”€â”€â”€â”€â”€â”€â”€â”€â”€â”€â”€â”€â”€â”€â”€â”€â”€â”€â”€â”€â”€â”€â”€â”€â”€â”€â”€â”€â”€â”€â”€â”€â”€â”€â”€â”€â”€â”€â”€â”€â”€â”€â”€â”€â”€â”€â”€â”€â”€â”€â”€â”€â”€â”€â”€â”€â”€â”€â”€â”€â”€â”€â”€â”€â”€â”€â”€â”€â”€â”€â”€â”€â”€â”€â”€â”€â”€â”€â”€â”€â”€â”€â”€â”€â”€â”€â”€â”€â”€â”€â”€â”€â”€â”€â”€  
   FAILED  Tests\Unit\Models\EventTest > `Event Model` â†’ it prevents registration for non-members on members-only events                     InvalidArgumentException   
  Unknown format "randomElement"

  at vendor\fakerphp\faker\src\Faker\Generator.php:743
    739â–•                 return $this->formatters[$format];
    740â–•             }
    741â–•         }
    742â–• 
  âžœ 743â–•         throw new \InvalidArgumentException(sprintf('Unknown format "%s"', $format));
    744â–•     }
    745â–• 
    746â–•     /**
    747â–•      * Replaces tokens ('{{ tokenName }}') with the result from the token method call

  1   vendor\fakerphp\faker\src\Faker\Generator.php:743
  2   vendor\fakerphp\faker\src\Faker\Generator.php:708

  â”€â”€â”€â”€â”€â”€â”€â”€â”€â”€â”€â”€â”€â”€â”€â”€â”€â”€â”€â”€â”€â”€â”€â”€â”€â”€â”€â”€â”€â”€â”€â”€â”€â”€â”€â”€â”€â”€â”€â”€â”€â”€â”€â”€â”€â”€â”€â”€â”€â”€â”€â”€â”€â”€â”€â”€â”€â”€â”€â”€â”€â”€â”€â”€â”€â”€â”€â”€â”€â”€â”€â”€â”€â”€â”€â”€â”€â”€â”€â”€â”€â”€â”€â”€â”€â”€â”€â”€â”€â”€â”€â”€â”€â”€â”€â”€â”€â”€â”€â”€â”€â”€â”€â”€â”€â”€â”€â”€â”€â”€â”€â”€â”€â”€â”€â”€â”€â”€â”€â”€â”€â”€â”€â”€â”€â”€â”€â”€â”€â”€â”€â”€â”€â”€â”€â”€â”€â”€â”€â”€â”€â”€â”€â”€â”€â”€â”€â”€â”€â”€â”€â”€â”€â”€â”€â”€â”€â”€â”€â”€â”€â”€â”€â”€  
   FAILED  Tests\Unit\Models\EventTest > `Event Model` â†’ it checks if user can register when everything is valid                             InvalidArgumentException   
  Unknown format "randomElement"

  at vendor\fakerphp\faker\src\Faker\Generator.php:743
    739â–•                 return $this->formatters[$format];
    740â–•             }
    741â–•         }
    742â–• 
  âžœ 743â–•         throw new \InvalidArgumentException(sprintf('Unknown format "%s"', $format));
    744â–•     }
    745â–• 
    746â–•     /**
    747â–•      * Replaces tokens ('{{ tokenName }}') with the result from the token method call

  1   vendor\fakerphp\faker\src\Faker\Generator.php:743
  2   vendor\fakerphp\faker\src\Faker\Generator.php:708

  â”€â”€â”€â”€â”€â”€â”€â”€â”€â”€â”€â”€â”€â”€â”€â”€â”€â”€â”€â”€â”€â”€â”€â”€â”€â”€â”€â”€â”€â”€â”€â”€â”€â”€â”€â”€â”€â”€â”€â”€â”€â”€â”€â”€â”€â”€â”€â”€â”€â”€â”€â”€â”€â”€â”€â”€â”€â”€â”€â”€â”€â”€â”€â”€â”€â”€â”€â”€â”€â”€â”€â”€â”€â”€â”€â”€â”€â”€â”€â”€â”€â”€â”€â”€â”€â”€â”€â”€â”€â”€â”€â”€â”€â”€â”€â”€â”€â”€â”€â”€â”€â”€â”€â”€â”€â”€â”€â”€â”€â”€â”€â”€â”€â”€â”€â”€â”€â”€â”€â”€â”€â”€â”€â”€â”€â”€â”€â”€â”€â”€â”€â”€â”€â”€â”€â”€â”€â”€â”€â”€â”€â”€â”€â”€â”€â”€â”€â”€â”€â”€â”€â”€â”€â”€â”€â”€â”€â”€â”€â”€â”€â”€â”€â”€  
   FAILED  Tests\Unit\Models\EventTest > `Event Model` â†’ it prevents registration when registration is closed                                InvalidArgumentException   
  Unknown format "randomElement"

  at vendor\fakerphp\faker\src\Faker\Generator.php:743
    739â–•                 return $this->formatters[$format];
    740â–•             }
    741â–•         }
    742â–• 
  âžœ 743â–•         throw new \InvalidArgumentException(sprintf('Unknown format "%s"', $format));
    744â–•     }
    745â–• 
    746â–•     /**
    747â–•      * Replaces tokens ('{{ tokenName }}') with the result from the token method call

  1   vendor\fakerphp\faker\src\Faker\Generator.php:743
  2   vendor\fakerphp\faker\src\Faker\Generator.php:708

  â”€â”€â”€â”€â”€â”€â”€â”€â”€â”€â”€â”€â”€â”€â”€â”€â”€â”€â”€â”€â”€â”€â”€â”€â”€â”€â”€â”€â”€â”€â”€â”€â”€â”€â”€â”€â”€â”€â”€â”€â”€â”€â”€â”€â”€â”€â”€â”€â”€â”€â”€â”€â”€â”€â”€â”€â”€â”€â”€â”€â”€â”€â”€â”€â”€â”€â”€â”€â”€â”€â”€â”€â”€â”€â”€â”€â”€â”€â”€â”€â”€â”€â”€â”€â”€â”€â”€â”€â”€â”€â”€â”€â”€â”€â”€â”€â”€â”€â”€â”€â”€â”€â”€â”€â”€â”€â”€â”€â”€â”€â”€â”€â”€â”€â”€â”€â”€â”€â”€â”€â”€â”€â”€â”€â”€â”€â”€â”€â”€â”€â”€â”€â”€â”€â”€â”€â”€â”€â”€â”€â”€â”€â”€â”€â”€â”€â”€â”€â”€â”€â”€â”€â”€â”€â”€â”€â”€â”€â”€â”€â”€â”€â”€â”€  
   FAILED  Tests\Unit\Models\EventTest > `Event Model` â†’ it prevents registration when event is full                                         InvalidArgumentException   
  Unknown format "randomElement"

  at vendor\fakerphp\faker\src\Faker\Generator.php:743
    739â–•                 return $this->formatters[$format];
    740â–•             }
    741â–•         }
    742â–• 
  âžœ 743â–•         throw new \InvalidArgumentException(sprintf('Unknown format "%s"', $format));
    744â–•     }
    745â–• 
    746â–•     /**
    747â–•      * Replaces tokens ('{{ tokenName }}') with the result from the token method call

  1   vendor\fakerphp\faker\src\Faker\Generator.php:743
  2   vendor\fakerphp\faker\src\Faker\Generator.php:708

  â”€â”€â”€â”€â”€â”€â”€â”€â”€â”€â”€â”€â”€â”€â”€â”€â”€â”€â”€â”€â”€â”€â”€â”€â”€â”€â”€â”€â”€â”€â”€â”€â”€â”€â”€â”€â”€â”€â”€â”€â”€â”€â”€â”€â”€â”€â”€â”€â”€â”€â”€â”€â”€â”€â”€â”€â”€â”€â”€â”€â”€â”€â”€â”€â”€â”€â”€â”€â”€â”€â”€â”€â”€â”€â”€â”€â”€â”€â”€â”€â”€â”€â”€â”€â”€â”€â”€â”€â”€â”€â”€â”€â”€â”€â”€â”€â”€â”€â”€â”€â”€â”€â”€â”€â”€â”€â”€â”€â”€â”€â”€â”€â”€â”€â”€â”€â”€â”€â”€â”€â”€â”€â”€â”€â”€â”€â”€â”€â”€â”€â”€â”€â”€â”€â”€â”€â”€â”€â”€â”€â”€â”€â”€â”€â”€â”€â”€â”€â”€â”€â”€â”€â”€â”€â”€â”€â”€â”€â”€â”€â”€â”€â”€â”€  
   FAILED  Tests\Unit\Models\EventTest > `Event Model` â†’ it validates max participants change restrictions                                   InvalidArgumentException   
  Unknown format "randomElement"

  at vendor\fakerphp\faker\src\Faker\Generator.php:743
    739â–•                 return $this->formatters[$format];
    740â–•             }
    741â–•         }
    742â–• 
  âžœ 743â–•         throw new \InvalidArgumentException(sprintf('Unknown format "%s"', $format));
    744â–•     }
    745â–• 
    746â–•     /**
    747â–•      * Replaces tokens ('{{ tokenName }}') with the result from the token method call

  1   vendor\fakerphp\faker\src\Faker\Generator.php:743
  2   vendor\fakerphp\faker\src\Faker\Generator.php:708

  â”€â”€â”€â”€â”€â”€â”€â”€â”€â”€â”€â”€â”€â”€â”€â”€â”€â”€â”€â”€â”€â”€â”€â”€â”€â”€â”€â”€â”€â”€â”€â”€â”€â”€â”€â”€â”€â”€â”€â”€â”€â”€â”€â”€â”€â”€â”€â”€â”€â”€â”€â”€â”€â”€â”€â”€â”€â”€â”€â”€â”€â”€â”€â”€â”€â”€â”€â”€â”€â”€â”€â”€â”€â”€â”€â”€â”€â”€â”€â”€â”€â”€â”€â”€â”€â”€â”€â”€â”€â”€â”€â”€â”€â”€â”€â”€â”€â”€â”€â”€â”€â”€â”€â”€â”€â”€â”€â”€â”€â”€â”€â”€â”€â”€â”€â”€â”€â”€â”€â”€â”€â”€â”€â”€â”€â”€â”€â”€â”€â”€â”€â”€â”€â”€â”€â”€â”€â”€â”€â”€â”€â”€â”€â”€â”€â”€â”€â”€â”€â”€â”€â”€â”€â”€â”€â”€â”€â”€â”€â”€â”€â”€â”€â”€  
   FAILED  Tests\Unit\Models\EventTest > `Event Model` â†’ it verifies user registration status                                                InvalidArgumentException   
  Unknown format "randomElement"

  at vendor\fakerphp\faker\src\Faker\Generator.php:743
    739â–•                 return $this->formatters[$format];
    740â–•             }
    741â–•         }
    742â–• 
  âžœ 743â–•         throw new \InvalidArgumentException(sprintf('Unknown format "%s"', $format));
    744â–•     }
    745â–• 
    746â–•     /**
    747â–•      * Replaces tokens ('{{ tokenName }}') with the result from the token method call

  1   vendor\fakerphp\faker\src\Faker\Generator.php:743
  2   vendor\fakerphp\faker\src\Faker\Generator.php:708

  â”€â”€â”€â”€â”€â”€â”€â”€â”€â”€â”€â”€â”€â”€â”€â”€â”€â”€â”€â”€â”€â”€â”€â”€â”€â”€â”€â”€â”€â”€â”€â”€â”€â”€â”€â”€â”€â”€â”€â”€â”€â”€â”€â”€â”€â”€â”€â”€â”€â”€â”€â”€â”€â”€â”€â”€â”€â”€â”€â”€â”€â”€â”€â”€â”€â”€â”€â”€â”€â”€â”€â”€â”€â”€â”€â”€â”€â”€â”€â”€â”€â”€â”€â”€â”€â”€â”€â”€â”€â”€â”€â”€â”€â”€â”€â”€â”€â”€â”€â”€â”€â”€â”€â”€â”€â”€â”€â”€â”€â”€â”€â”€â”€â”€â”€â”€â”€â”€â”€â”€â”€â”€â”€â”€â”€â”€â”€â”€â”€â”€â”€â”€â”€â”€â”€â”€â”€â”€â”€â”€â”€â”€â”€â”€â”€â”€â”€â”€â”€â”€â”€â”€â”€â”€â”€â”€â”€â”€â”€â”€â”€â”€â”€â”€  
   FAILED  Tests\Unit\Models\EventTest > `Event Model` â†’ it counts participants correctly                                                    InvalidArgumentException   
  Unknown format "randomElement"

  at vendor\fakerphp\faker\src\Faker\Generator.php:743
    739â–•                 return $this->formatters[$format];
    740â–•             }
    741â–•         }
    742â–• 
  âžœ 743â–•         throw new \InvalidArgumentException(sprintf('Unknown format "%s"', $format));
    744â–•     }
    745â–• 
    746â–•     /**
    747â–•      * Replaces tokens ('{{ tokenName }}') with the result from the token method call

  1   vendor\fakerphp\faker\src\Faker\Generator.php:743
  2   vendor\fakerphp\faker\src\Faker\Generator.php:708

  â”€â”€â”€â”€â”€â”€â”€â”€â”€â”€â”€â”€â”€â”€â”€â”€â”€â”€â”€â”€â”€â”€â”€â”€â”€â”€â”€â”€â”€â”€â”€â”€â”€â”€â”€â”€â”€â”€â”€â”€â”€â”€â”€â”€â”€â”€â”€â”€â”€â”€â”€â”€â”€â”€â”€â”€â”€â”€â”€â”€â”€â”€â”€â”€â”€â”€â”€â”€â”€â”€â”€â”€â”€â”€â”€â”€â”€â”€â”€â”€â”€â”€â”€â”€â”€â”€â”€â”€â”€â”€â”€â”€â”€â”€â”€â”€â”€â”€â”€â”€â”€â”€â”€â”€â”€â”€â”€â”€â”€â”€â”€â”€â”€â”€â”€â”€â”€â”€â”€â”€â”€â”€â”€â”€â”€â”€â”€â”€â”€â”€â”€â”€â”€â”€â”€â”€â”€â”€â”€â”€â”€â”€â”€â”€â”€â”€â”€â”€â”€â”€â”€â”€â”€â”€â”€â”€â”€â”€â”€â”€â”€â”€â”€â”€  
   FAILED  Tests\Feature\ProfileTest > email verification status is unchanged when the email address is unchanged                                                       
  Expected response status code [201, 301, 302, 303, 307, 308] but received 405.
Failed asserting that false is true.

  at tests\Feature\ProfileTest.php:51
     47â–•         ]);
     48â–• 
     49â–•     $response
     50â–•         ->assertSessionHasNoErrors()
  âžœ  51â–•         ->assertRedirect('/profile');
     52â–• 
     53â–•     $this->assertNotNull($user->refresh()->email_verified_at);
     54â–• });
     55â–•

  â”€â”€â”€â”€â”€â”€â”€â”€â”€â”€â”€â”€â”€â”€â”€â”€â”€â”€â”€â”€â”€â”€â”€â”€â”€â”€â”€â”€â”€â”€â”€â”€â”€â”€â”€â”€â”€â”€â”€â”€â”€â”€â”€â”€â”€â”€â”€â”€â”€â”€â”€â”€â”€â”€â”€â”€â”€â”€â”€â”€â”€â”€â”€â”€â”€â”€â”€â”€â”€â”€â”€â”€â”€â”€â”€â”€â”€â”€â”€â”€â”€â”€â”€â”€â”€â”€â”€â”€â”€â”€â”€â”€â”€â”€â”€â”€â”€â”€â”€â”€â”€â”€â”€â”€â”€â”€â”€â”€â”€â”€â”€â”€â”€â”€â”€â”€â”€â”€â”€â”€â”€â”€â”€â”€â”€â”€â”€â”€â”€â”€â”€â”€â”€â”€â”€â”€â”€â”€â”€â”€â”€â”€â”€â”€â”€â”€â”€â”€â”€â”€â”€â”€â”€â”€â”€â”€â”€â”€â”€â”€â”€â”€â”€â”€  
   FAILED  Tests\Feature\ProfileTest > user can delete their account                                                                                                    
  Expected response status code [201, 301, 302, 303, 307, 308] but received 405.
Failed asserting that false is true.

  at tests\Feature\ProfileTest.php:67
     63â–•         ]);
     64â–• 
     65â–•     $response
     66â–•         ->assertSessionHasNoErrors()
  âžœ  67â–•         ->assertRedirect('/');
     68â–• 
     69â–•     $this->assertGuest();
     70â–•     $this->assertNull($user->fresh());
     71â–• });

  â”€â”€â”€â”€â”€â”€â”€â”€â”€â”€â”€â”€â”€â”€â”€â”€â”€â”€â”€â”€â”€â”€â”€â”€â”€â”€â”€â”€â”€â”€â”€â”€â”€â”€â”€â”€â”€â”€â”€â”€â”€â”€â”€â”€â”€â”€â”€â”€â”€â”€â”€â”€â”€â”€â”€â”€â”€â”€â”€â”€â”€â”€â”€â”€â”€â”€â”€â”€â”€â”€â”€â”€â”€â”€â”€â”€â”€â”€â”€â”€â”€â”€â”€â”€â”€â”€â”€â”€â”€â”€â”€â”€â”€â”€â”€â”€â”€â”€â”€â”€â”€â”€â”€â”€â”€â”€â”€â”€â”€â”€â”€â”€â”€â”€â”€â”€â”€â”€â”€â”€â”€â”€â”€â”€â”€â”€â”€â”€â”€â”€â”€â”€â”€â”€â”€â”€â”€â”€â”€â”€â”€â”€â”€â”€â”€â”€â”€â”€â”€â”€â”€â”€â”€â”€â”€â”€â”€â”€â”€â”€â”€â”€â”€â”€  
   FAILED  Tests\Feature\ProfileTest > correct password must be provided to delete account                                                                              
  Session is missing expected key [errors].
Failed asserting that false is true.

  at tests\Feature\ProfileTest.php:84
     80â–•             'password' => 'wrong-password',
     81â–•         ]);
     82â–• 
     83â–•     $response
  âžœ  84â–•         ->assertSessionHasErrors('password')
     85â–•         ->assertRedirect('/profile');
     86â–• 
     87â–•     $this->assertNotNull($user->fresh());
     88â–• });

  â”€â”€â”€â”€â”€â”€â”€â”€â”€â”€â”€â”€â”€â”€â”€â”€â”€â”€â”€â”€â”€â”€â”€â”€â”€â”€â”€â”€â”€â”€â”€â”€â”€â”€â”€â”€â”€â”€â”€â”€â”€â”€â”€â”€â”€â”€â”€â”€â”€â”€â”€â”€â”€â”€â”€â”€â”€â”€â”€â”€â”€â”€â”€â”€â”€â”€â”€â”€â”€â”€â”€â”€â”€â”€â”€â”€â”€â”€â”€â”€â”€â”€â”€â”€â”€â”€â”€â”€â”€â”€â”€â”€â”€â”€â”€â”€â”€â”€â”€â”€â”€â”€â”€â”€â”€â”€â”€â”€â”€â”€â”€â”€â”€â”€â”€â”€â”€â”€â”€â”€â”€â”€â”€â”€â”€â”€â”€â”€â”€â”€â”€â”€â”€â”€â”€â”€â”€â”€â”€â”€â”€â”€â”€â”€â”€â”€â”€â”€â”€â”€â”€â”€â”€â”€â”€â”€â”€â”€â”€â”€â”€â”€â”€â”€  
   FAILED  Tests\Feature\ProfileTest > profile information can be updated                                                                                               
  Expected response status code [201, 301, 302, 303, 307, 308] but received 405.
Failed asserting that false is true.

  at tests\Feature\ProfileTest.php:28
     24â–•         ]);
     25â–• 
     26â–•     $response
     27â–•         ->assertSessionHasNoErrors()
  âžœ  28â–•         ->assertRedirect('/profile');
     29â–• 
     30â–•     $user->refresh();
     31â–• 
     32â–•     $this->assertSame('Test', $user->firstname);

  â”€â”€â”€â”€â”€â”€â”€â”€â”€â”€â”€â”€â”€â”€â”€â”€â”€â”€â”€â”€â”€â”€â”€â”€â”€â”€â”€â”€â”€â”€â”€â”€â”€â”€â”€â”€â”€â”€â”€â”€â”€â”€â”€â”€â”€â”€â”€â”€â”€â”€â”€â”€â”€â”€â”€â”€â”€â”€â”€â”€â”€â”€â”€â”€â”€â”€â”€â”€â”€â”€â”€â”€â”€â”€â”€â”€â”€â”€â”€â”€â”€â”€â”€â”€â”€â”€â”€â”€â”€â”€â”€â”€â”€â”€â”€â”€â”€â”€â”€â”€â”€â”€â”€â”€â”€â”€â”€â”€â”€â”€â”€â”€â”€â”€â”€â”€â”€â”€â”€â”€â”€â”€â”€â”€â”€â”€â”€â”€â”€â”€â”€â”€â”€â”€â”€â”€â”€â”€â”€â”€â”€â”€â”€â”€â”€â”€â”€â”€â”€â”€â”€â”€â”€â”€â”€â”€â”€â”€â”€â”€â”€â”€â”€â”€  
   FAILED  Tests\Feature\Events\EventRegistrationTest > `Event Registration Integration` â†’ it validates registration data correctly                                     
  Session is missing expected key [errors].
Failed asserting that false is true.

  at tests\Feature\Events\EventRegistrationTest.php:148
    144â–•                 'phone' => '0123456789',
    145â–•                 'birth_date' => now()->addDay(), // Date future invalide
    146â–•             ]);
    147â–• 
  âžœ 148â–•         $response->assertSessionHasErrors(['firstname', 'email', 'birth_date']);
    149â–• 
    150â–•         $this->assertDatabaseMissing('registrations', [
    151â–•             'event_id' => $this->event->id,
    152â–•             'user_id' => $this->user->id,

  â”€â”€â”€â”€â”€â”€â”€â”€â”€â”€â”€â”€â”€â”€â”€â”€â”€â”€â”€â”€â”€â”€â”€â”€â”€â”€â”€â”€â”€â”€â”€â”€â”€â”€â”€â”€â”€â”€â”€â”€â”€â”€â”€â”€â”€â”€â”€â”€â”€â”€â”€â”€â”€â”€â”€â”€â”€â”€â”€â”€â”€â”€â”€â”€â”€â”€â”€â”€â”€â”€â”€â”€â”€â”€â”€â”€â”€â”€â”€â”€â”€â”€â”€â”€â”€â”€â”€â”€â”€â”€â”€â”€â”€â”€â”€â”€â”€â”€â”€â”€â”€â”€â”€â”€â”€â”€â”€â”€â”€â”€â”€â”€â”€â”€â”€â”€â”€â”€â”€â”€â”€â”€â”€â”€â”€â”€â”€â”€â”€â”€â”€â”€â”€â”€â”€â”€â”€â”€â”€â”€â”€â”€â”€â”€â”€â”€â”€â”€â”€â”€â”€â”€â”€â”€â”€â”€â”€â”€â”€â”€â”€â”€â”€â”€  
   FAILED  Tests\Feature\Events\EventRegistrationTest > `Event Registration Integration` â†’ it allows members-only registration for valid members                        
  Expected response status code [200] but received 302.
Failed asserting that 302 is identical to 200.

  at tests\Feature\Events\EventRegistrationTest.php:93
     89â–• 
     90â–•         $response = $this->actingAs($this->user)
     91â–•             ->get(route('events.registration', $this->event));
     92â–• 
  âžœ  93â–•         $response->assertOk();
     94â–•         $response->assertInertia(
     95â–•             fn($page) =>
     96â–•             $page->component('Events/Registration')
     97â–•         );

  â”€â”€â”€â”€â”€â”€â”€â”€â”€â”€â”€â”€â”€â”€â”€â”€â”€â”€â”€â”€â”€â”€â”€â”€â”€â”€â”€â”€â”€â”€â”€â”€â”€â”€â”€â”€â”€â”€â”€â”€â”€â”€â”€â”€â”€â”€â”€â”€â”€â”€â”€â”€â”€â”€â”€â”€â”€â”€â”€â”€â”€â”€â”€â”€â”€â”€â”€â”€â”€â”€â”€â”€â”€â”€â”€â”€â”€â”€â”€â”€â”€â”€â”€â”€â”€â”€â”€â”€â”€â”€â”€â”€â”€â”€â”€â”€â”€â”€â”€â”€â”€â”€â”€â”€â”€â”€â”€â”€â”€â”€â”€â”€â”€â”€â”€â”€â”€â”€â”€â”€â”€â”€â”€â”€â”€â”€â”€â”€â”€â”€â”€â”€â”€â”€â”€â”€â”€â”€â”€â”€â”€â”€â”€â”€â”€â”€â”€â”€â”€â”€â”€â”€â”€â”€â”€â”€â”€â”€â”€â”€â”€â”€â”€â”€  
   FAILED  Tests\Feature\Events\EventRegistrationTest > `Event Registration Integration` â†’ it allows valid user registration                                            
  Failed asserting that two strings are equal.
--- Expected
+++ Actual
@@ @@
-'http://localhost/events/1'
+'http://localhost'

  at tests\Feature\Events\EventRegistrationTest.php:34
     30â–•                 'phone' => '0123456789',
     31â–•                 'birth_date' => '1990-01-01',
     32â–•             ]);
     33â–• 
  âžœ  34â–•         $response->assertRedirect(route('events.show', $this->event));
     35â–•         $response->assertSessionHas('success', 'Inscription rÃ©ussie !');
     36â–• 
     37â–•         $this->assertDatabaseHas('registrations', [
     38â–•             'event_id' => $this->event->id,

  â”€â”€â”€â”€â”€â”€â”€â”€â”€â”€â”€â”€â”€â”€â”€â”€â”€â”€â”€â”€â”€â”€â”€â”€â”€â”€â”€â”€â”€â”€â”€â”€â”€â”€â”€â”€â”€â”€â”€â”€â”€â”€â”€â”€â”€â”€â”€â”€â”€â”€â”€â”€â”€â”€â”€â”€â”€â”€â”€â”€â”€â”€â”€â”€â”€â”€â”€â”€â”€â”€â”€â”€â”€â”€â”€â”€â”€â”€â”€â”€â”€â”€â”€â”€â”€â”€â”€â”€â”€â”€â”€â”€â”€â”€â”€â”€â”€â”€â”€â”€â”€â”€â”€â”€â”€â”€â”€â”€â”€â”€â”€â”€â”€â”€â”€â”€â”€â”€â”€â”€â”€â”€â”€â”€â”€â”€â”€â”€â”€â”€â”€â”€â”€â”€â”€â”€â”€â”€â”€â”€â”€â”€â”€â”€â”€â”€â”€â”€â”€â”€â”€â”€â”€â”€â”€â”€â”€â”€â”€â”€â”€â”€â”€â”€  
   FAILED  Tests\Feature\Articles\ArticleLifecycleTest > `Article Complete Lifecycle` â†’ it completes full article creation workflow with imaâ€¦  BadMethodCallException   
  Call to undefined method App\Models\Role::factory()

  at vendor\laravel\framework\src\Illuminate\Support\Traits\ForwardsCalls.php:67
     63â–•      * @throws \BadMethodCallException
     64â–•      */
     65â–•     protected static function throwBadMethodCallException($method)
     66â–•     {
  âžœ  67â–•         throw new BadMethodCallException(sprintf(
     68â–•             'Call to undefined method %s::%s()', static::class, $method
     69â–•         ));
     70â–•     }
     71â–• }

  1   vendor\laravel\framework\src\Illuminate\Support\Traits\ForwardsCalls.php:67
  2   vendor\laravel\framework\src\Illuminate\Support\Traits\ForwardsCalls.php:36

  â”€â”€â”€â”€â”€â”€â”€â”€â”€â”€â”€â”€â”€â”€â”€â”€â”€â”€â”€â”€â”€â”€â”€â”€â”€â”€â”€â”€â”€â”€â”€â”€â”€â”€â”€â”€â”€â”€â”€â”€â”€â”€â”€â”€â”€â”€â”€â”€â”€â”€â”€â”€â”€â”€â”€â”€â”€â”€â”€â”€â”€â”€â”€â”€â”€â”€â”€â”€â”€â”€â”€â”€â”€â”€â”€â”€â”€â”€â”€â”€â”€â”€â”€â”€â”€â”€â”€â”€â”€â”€â”€â”€â”€â”€â”€â”€â”€â”€â”€â”€â”€â”€â”€â”€â”€â”€â”€â”€â”€â”€â”€â”€â”€â”€â”€â”€â”€â”€â”€â”€â”€â”€â”€â”€â”€â”€â”€â”€â”€â”€â”€â”€â”€â”€â”€â”€â”€â”€â”€â”€â”€â”€â”€â”€â”€â”€â”€â”€â”€â”€â”€â”€â”€â”€â”€â”€â”€â”€â”€â”€â”€â”€â”€â”€  
   FAILED  Tests\Feature\Articles\ArticleLifecycleTest > `Article Complete Lifecycle` â†’ it enforces permission restrictions correctly          BadMethodCallException   
  Call to undefined method App\Models\Role::factory()

  at vendor\laravel\framework\src\Illuminate\Support\Traits\ForwardsCalls.php:67
     63â–•      * @throws \BadMethodCallException
     64â–•      */
     65â–•     protected static function throwBadMethodCallException($method)
     66â–•     {
  âžœ  67â–•         throw new BadMethodCallException(sprintf(
     68â–•             'Call to undefined method %s::%s()', static::class, $method
     69â–•         ));
     70â–•     }
     71â–• }

  1   vendor\laravel\framework\src\Illuminate\Support\Traits\ForwardsCalls.php:67
  2   vendor\laravel\framework\src\Illuminate\Support\Traits\ForwardsCalls.php:36

  â”€â”€â”€â”€â”€â”€â”€â”€â”€â”€â”€â”€â”€â”€â”€â”€â”€â”€â”€â”€â”€â”€â”€â”€â”€â”€â”€â”€â”€â”€â”€â”€â”€â”€â”€â”€â”€â”€â”€â”€â”€â”€â”€â”€â”€â”€â”€â”€â”€â”€â”€â”€â”€â”€â”€â”€â”€â”€â”€â”€â”€â”€â”€â”€â”€â”€â”€â”€â”€â”€â”€â”€â”€â”€â”€â”€â”€â”€â”€â”€â”€â”€â”€â”€â”€â”€â”€â”€â”€â”€â”€â”€â”€â”€â”€â”€â”€â”€â”€â”€â”€â”€â”€â”€â”€â”€â”€â”€â”€â”€â”€â”€â”€â”€â”€â”€â”€â”€â”€â”€â”€â”€â”€â”€â”€â”€â”€â”€â”€â”€â”€â”€â”€â”€â”€â”€â”€â”€â”€â”€â”€â”€â”€â”€â”€â”€â”€â”€â”€â”€â”€â”€â”€â”€â”€â”€â”€â”€â”€â”€â”€â”€â”€â”€  
   FAILED  Tests\Feature\Articles\ArticleLifecycleTest > `Article Complete Lifecycle` â†’ it handles article viewing and statistics              BadMethodCallException   
  Call to undefined method App\Models\Role::factory()

  at vendor\laravel\framework\src\Illuminate\Support\Traits\ForwardsCalls.php:67
     63â–•      * @throws \BadMethodCallException
     64â–•      */
     65â–•     protected static function throwBadMethodCallException($method)
     66â–•     {
  âžœ  67â–•         throw new BadMethodCallException(sprintf(
     68â–•             'Call to undefined method %s::%s()', static::class, $method
     69â–•         ));
     70â–•     }
     71â–• }

  1   vendor\laravel\framework\src\Illuminate\Support\Traits\ForwardsCalls.php:67
  2   vendor\laravel\framework\src\Illuminate\Support\Traits\ForwardsCalls.php:36

  â”€â”€â”€â”€â”€â”€â”€â”€â”€â”€â”€â”€â”€â”€â”€â”€â”€â”€â”€â”€â”€â”€â”€â”€â”€â”€â”€â”€â”€â”€â”€â”€â”€â”€â”€â”€â”€â”€â”€â”€â”€â”€â”€â”€â”€â”€â”€â”€â”€â”€â”€â”€â”€â”€â”€â”€â”€â”€â”€â”€â”€â”€â”€â”€â”€â”€â”€â”€â”€â”€â”€â”€â”€â”€â”€â”€â”€â”€â”€â”€â”€â”€â”€â”€â”€â”€â”€â”€â”€â”€â”€â”€â”€â”€â”€â”€â”€â”€â”€â”€â”€â”€â”€â”€â”€â”€â”€â”€â”€â”€â”€â”€â”€â”€â”€â”€â”€â”€â”€â”€â”€â”€â”€â”€â”€â”€â”€â”€â”€â”€â”€â”€â”€â”€â”€â”€â”€â”€â”€â”€â”€â”€â”€â”€â”€â”€â”€â”€â”€â”€â”€â”€â”€â”€â”€â”€â”€â”€â”€â”€â”€â”€â”€â”€  
   FAILED  Tests\Feature\Articles\ArticleLifecycleTest > `Article Complete Lifecycle` â†’ it handles article moderation workflow                 BadMethodCallException   
  Call to undefined method App\Models\Role::factory()

  at vendor\laravel\framework\src\Illuminate\Support\Traits\ForwardsCalls.php:67
     63â–•      * @throws \BadMethodCallException
     64â–•      */
     65â–•     protected static function throwBadMethodCallException($method)
     66â–•     {
  âžœ  67â–•         throw new BadMethodCallException(sprintf(
     68â–•             'Call to undefined method %s::%s()', static::class, $method
     69â–•         ));
     70â–•     }
     71â–• }

  1   vendor\laravel\framework\src\Illuminate\Support\Traits\ForwardsCalls.php:67
  2   vendor\laravel\framework\src\Illuminate\Support\Traits\ForwardsCalls.php:36

  â”€â”€â”€â”€â”€â”€â”€â”€â”€â”€â”€â”€â”€â”€â”€â”€â”€â”€â”€â”€â”€â”€â”€â”€â”€â”€â”€â”€â”€â”€â”€â”€â”€â”€â”€â”€â”€â”€â”€â”€â”€â”€â”€â”€â”€â”€â”€â”€â”€â”€â”€â”€â”€â”€â”€â”€â”€â”€â”€â”€â”€â”€â”€â”€â”€â”€â”€â”€â”€â”€â”€â”€â”€â”€â”€â”€â”€â”€â”€â”€â”€â”€â”€â”€â”€â”€â”€â”€â”€â”€â”€â”€â”€â”€â”€â”€â”€â”€â”€â”€â”€â”€â”€â”€â”€â”€â”€â”€â”€â”€â”€â”€â”€â”€â”€â”€â”€â”€â”€â”€â”€â”€â”€â”€â”€â”€â”€â”€â”€â”€â”€â”€â”€â”€â”€â”€â”€â”€â”€â”€â”€â”€â”€â”€â”€â”€â”€â”€â”€â”€â”€â”€â”€â”€â”€â”€â”€â”€â”€â”€â”€â”€â”€â”€  
   FAILED  Tests\Feature\Articles\ArticleLifecycleTest > `Article Complete Lifecycle` â†’ it handles article deletion with cleanup               BadMethodCallException   
  Call to undefined method App\Models\Role::factory()

  at vendor\laravel\framework\src\Illuminate\Support\Traits\ForwardsCalls.php:67
     63â–•      * @throws \BadMethodCallException
     64â–•      */
     65â–•     protected static function throwBadMethodCallException($method)
     66â–•     {
  âžœ  67â–•         throw new BadMethodCallException(sprintf(
     68â–•             'Call to undefined method %s::%s()', static::class, $method
     69â–•         ));
     70â–•     }
     71â–• }

  1   vendor\laravel\framework\src\Illuminate\Support\Traits\ForwardsCalls.php:67
  2   vendor\laravel\framework\src\Illuminate\Support\Traits\ForwardsCalls.php:36

  â”€â”€â”€â”€â”€â”€â”€â”€â”€â”€â”€â”€â”€â”€â”€â”€â”€â”€â”€â”€â”€â”€â”€â”€â”€â”€â”€â”€â”€â”€â”€â”€â”€â”€â”€â”€â”€â”€â”€â”€â”€â”€â”€â”€â”€â”€â”€â”€â”€â”€â”€â”€â”€â”€â”€â”€â”€â”€â”€â”€â”€â”€â”€â”€â”€â”€â”€â”€â”€â”€â”€â”€â”€â”€â”€â”€â”€â”€â”€â”€â”€â”€â”€â”€â”€â”€â”€â”€â”€â”€â”€â”€â”€â”€â”€â”€â”€â”€â”€â”€â”€â”€â”€â”€â”€â”€â”€â”€â”€â”€â”€â”€â”€â”€â”€â”€â”€â”€â”€â”€â”€â”€â”€â”€â”€â”€â”€â”€â”€â”€â”€â”€â”€â”€â”€â”€â”€â”€â”€â”€â”€â”€â”€â”€â”€â”€â”€â”€â”€â”€â”€â”€â”€â”€â”€â”€â”€â”€â”€â”€â”€â”€â”€â”€  
   FAILED  Tests\Feature\Articles\ArticleLifecycleTest > `Article Complete Lifecycle` â†’ it processes article interactions (likes and commentâ€¦  BadMethodCallException   
  Call to undefined method App\Models\Role::factory()

  at vendor\laravel\framework\src\Illuminate\Support\Traits\ForwardsCalls.php:67
     63â–•      * @throws \BadMethodCallException
     64â–•      */
     65â–•     protected static function throwBadMethodCallException($method)
     66â–•     {
  âžœ  67â–•         throw new BadMethodCallException(sprintf(
     68â–•             'Call to undefined method %s::%s()', static::class, $method
     69â–•         ));
     70â–•     }
     71â–• }

  1   vendor\laravel\framework\src\Illuminate\Support\Traits\ForwardsCalls.php:67
  2   vendor\laravel\framework\src\Illuminate\Support\Traits\ForwardsCalls.php:36


  Tests:    28 failed, 37 passed (86 assertions)
  Duration: 7.26s
  Random Order Seed: 1750424315

